<?xml version="1.0" encoding="UTF-8"?>
<testsuites tests="882" failures="0" errors="0" time="210.125944">
	<testsuite tests="882" failures="0" time="186.068000" name="github.com/confluentinc/cli/test" timestamp="2023-01-18T10:06:08-08:00">
		<properties>
			<property name="go.version" value="go1.19.5 darwin/amd64"></property>
		</properties>
		<testcase classname="github.com/confluentinc/cli/test" name="TestCLI/TestUpdate" time="0.000000">
			<skipped message="=== RUN   TestCLI/TestUpdate&#xA;    update_test.go:10: Skipping this test until its less flaky&#xA;    --- SKIP: TestCLI/TestUpdate (0.00s)&#xA;"></skipped>
		</testcase>
		<testcase classname="github.com/confluentinc/cli/test" name="TestCLI/TestAPIKey/api-key_create_--resource_lkc-bob" time="1.350000"></testcase>
		<testcase classname="github.com/confluentinc/cli/test" name="TestCLI/TestAPIKey/api-key_list_--resource_lkc-bob" time="0.080000"></testcase>
		<testcase classname="github.com/confluentinc/cli/test" name="TestCLI/TestAPIKey/api-key_list_--resource_lkc-abc" time="0.080000"></testcase>
		<testcase classname="github.com/confluentinc/cli/test" name="TestCLI/TestAPIKey/api-key_update_MYKEY1_--description_first-key" time="0.080000"></testcase>
		<testcase classname="github.com/confluentinc/cli/test" name="TestCLI/TestAPIKey/api-key_list_--resource_lkc-bob#01" time="0.080000"></testcase>
		<testcase classname="github.com/confluentinc/cli/test" name="TestCLI/TestAPIKey/api-key_list" time="0.080000"></testcase>
		<testcase classname="github.com/confluentinc/cli/test" name="TestCLI/TestAPIKey/api-key_list_-o_json" time="0.080000"></testcase>
		<testcase classname="github.com/confluentinc/cli/test" name="TestCLI/TestAPIKey/api-key_list_-o_yaml" time="0.070000"></testcase>
		<testcase classname="github.com/confluentinc/cli/test" name="TestCLI/TestAPIKey/api-key_list_--resource_lkc-cool1" time="0.090000"></testcase>
		<testcase classname="github.com/confluentinc/cli/test" name="TestCLI/TestAPIKey/api-key_create_--description_my-cool-app_--resource_lkc-cool1" time="0.080000"></testcase>
		<testcase classname="github.com/confluentinc/cli/test" name="TestCLI/TestAPIKey/api-key_list_--resource_lkc-cool1#01" time="0.080000"></testcase>
		<testcase classname="github.com/confluentinc/cli/test" name="TestCLI/TestAPIKey/api-key_create_--description_my-other-app_--resource_lkc-other1" time="0.090000"></testcase>
		<testcase classname="github.com/confluentinc/cli/test" name="TestCLI/TestAPIKey/api-key_list_--resource_lkc-cool1#02" time="0.080000"></testcase>
		<testcase classname="github.com/confluentinc/cli/test" name="TestCLI/TestAPIKey/api-key_list_--resource_lkc-other1" time="0.080000"></testcase>
		<testcase classname="github.com/confluentinc/cli/test" name="TestCLI/TestAPIKey/api-key_create_--description_my-ksql-app_--resource_lksqlc-ksql1" time="0.090000"></testcase>
		<testcase classname="github.com/confluentinc/cli/test" name="TestCLI/TestAPIKey/api-key_list_--resource_lkc-cool1#03" time="0.070000"></testcase>
		<testcase classname="github.com/confluentinc/cli/test" name="TestCLI/TestAPIKey/api-key_list_--resource_lksqlc-ksql1" time="0.080000"></testcase>
		<testcase classname="github.com/confluentinc/cli/test" name="TestCLI/TestAPIKey/api-key_create_--resource_lsrc-1" time="0.090000"></testcase>
		<testcase classname="github.com/confluentinc/cli/test" name="TestCLI/TestAPIKey/api-key_list_--resource_lsrc-1" time="0.070000"></testcase>
		<testcase classname="github.com/confluentinc/cli/test" name="TestCLI/TestAPIKey/api-key_create_--resource_cloud" time="0.080000"></testcase>
		<testcase classname="github.com/confluentinc/cli/test" name="TestCLI/TestAPIKey/api-key_list_--resource_cloud" time="0.080000"></testcase>
		<testcase classname="github.com/confluentinc/cli/test" name="TestCLI/TestAPIKey/api-key_use_MYKEY4_--resource_lkc-cool1" time="0.080000"></testcase>
		<testcase classname="github.com/confluentinc/cli/test" name="TestCLI/TestAPIKey/api-key_list_--resource_lkc-cool1#04" time="0.080000"></testcase>
		<testcase classname="github.com/confluentinc/cli/test" name="TestCLI/TestAPIKey/api-key_use_MYKEY5_--resource_lkc-other1" time="0.080000"></testcase>
		<testcase classname="github.com/confluentinc/cli/test" name="TestCLI/TestAPIKey/api-key_list_--resource_lkc-cool1#05" time="0.080000"></testcase>
		<testcase classname="github.com/confluentinc/cli/test" name="TestCLI/TestAPIKey/api-key_list_--resource_lkc-other1#01" time="0.080000"></testcase>
		<testcase classname="github.com/confluentinc/cli/test" name="TestCLI/TestAPIKey/api-key_delete_MYKEY5_--force" time="0.080000"></testcase>
		<testcase classname="github.com/confluentinc/cli/test" name="TestCLI/TestAPIKey/api-key_delete_MYKEY5" time="0.070000"></testcase>
		<testcase classname="github.com/confluentinc/cli/test" name="TestCLI/TestAPIKey/api-key_list_--resource_lkc-other1#02" time="0.080000"></testcase>
		<testcase classname="github.com/confluentinc/cli/test" name="TestCLI/TestAPIKey/api-key_store_UIAPIKEY100_@test/fixtures/input/api-key/UIAPISECRET100.txt_--resource_lkc-cool1" time="0.070000"></testcase>
		<testcase classname="github.com/confluentinc/cli/test" name="TestCLI/TestAPIKey/api-key_list_--resource_lkc-cool1#06" time="0.080000"></testcase>
		<testcase classname="github.com/confluentinc/cli/test" name="TestCLI/TestAPIKey/api-key_store_UIAPIKEY101_@test/fixtures/input/api-key/UIAPISECRET101.txt_--resource_lkc-other1" time="0.070000"></testcase>
		<testcase classname="github.com/confluentinc/cli/test" name="TestCLI/TestAPIKey/api-key_list_--resource_lkc-cool1#07" time="0.080000"></testcase>
		<testcase classname="github.com/confluentinc/cli/test" name="TestCLI/TestAPIKey/api-key_list_--resource_lkc-other1#03" time="0.070000"></testcase>
		<testcase classname="github.com/confluentinc/cli/test" name="TestCLI/TestAPIKey/api-key_store_UIAPIKEY101_@test/fixtures/input/api-key/UIAPISECRET101.txt_--resource_lkc-other1#01" time="0.080000"></testcase>
		<testcase classname="github.com/confluentinc/cli/test" name="TestCLI/TestAPIKey/api-key_store_UIAPIKEY103_UIAPISECRET103_--resource_lksqlc-ksql1" time="0.070000"></testcase>
		<testcase classname="github.com/confluentinc/cli/test" name="TestCLI/TestAPIKey/api-key_use_UIAPIKEY103_--resource_lksqlc-ksql1" time="0.080000"></testcase>
		<testcase classname="github.com/confluentinc/cli/test" name="TestCLI/TestAPIKey/api-key_list#01" time="0.080000"></testcase>
		<testcase classname="github.com/confluentinc/cli/test" name="TestCLI/TestAPIKey/api-key_list_--current-user" time="0.080000"></testcase>
		<testcase classname="github.com/confluentinc/cli/test" name="TestCLI/TestAPIKey/api-key_create_--resource_lkc-cool1_--service-account_sa-12345" time="0.080000"></testcase>
		<testcase classname="github.com/confluentinc/cli/test" name="TestCLI/TestAPIKey/api-key_list_--current-user#01" time="0.080000"></testcase>
		<testcase classname="github.com/confluentinc/cli/test" name="TestCLI/TestAPIKey/api-key_list#02" time="0.080000"></testcase>
		<testcase classname="github.com/confluentinc/cli/test" name="TestCLI/TestAPIKey/api-key_list_--service-account_sa-12345" time="0.080000"></testcase>
		<testcase classname="github.com/confluentinc/cli/test" name="TestCLI/TestAPIKey/api-key_list_--resource_lkc-cool1#08" time="0.080000"></testcase>
		<testcase classname="github.com/confluentinc/cli/test" name="TestCLI/TestAPIKey/api-key_list_--resource_lkc-cool1_--service-account_sa-12345" time="0.080000"></testcase>
		<testcase classname="github.com/confluentinc/cli/test" name="TestCLI/TestAPIKey/api-key_create_--resource_lkc-cool1_--service-account_sa-12345#01" time="0.070000"></testcase>
		<testcase classname="github.com/confluentinc/cli/test" name="TestCLI/TestAPIKey/api-key_list_--service-account_sa-12345#01" time="0.080000"></testcase>
		<testcase classname="github.com/confluentinc/cli/test" name="TestCLI/TestAPIKey/error_listing_api_keys_for_non-existent_service_account" time="0.070000"></testcase>
		<testcase classname="github.com/confluentinc/cli/test" name="TestCLI/TestAPIKey/api-key_create_--resource_lkc-cool1_--service-account_sa-1337_--description_auditlog-key" time="0.080000"></testcase>
		<testcase classname="github.com/confluentinc/cli/test" name="TestCLI/TestAPIKey/api-key_list#03" time="0.080000"></testcase>
		<testcase classname="github.com/confluentinc/cli/test" name="TestCLI/TestAPIKey/api-key_create_--resource_lkc-cool1_--service-account_sa-1337_--description_auditlog-key#01" time="0.080000"></testcase>
		<testcase classname="github.com/confluentinc/cli/test" name="TestCLI/TestAPIKey/api-key_list#04" time="0.090000"></testcase>
		<testcase classname="github.com/confluentinc/cli/test" name="TestCLI/TestAPIKey/api-key_create_--description_human-output_--resource_lkc-other1" time="0.080000"></testcase>
		<testcase classname="github.com/confluentinc/cli/test" name="TestCLI/TestAPIKey/api-key_create_--description_json-output_--resource_lkc-other1_-o_json" time="0.080000"></testcase>
		<testcase classname="github.com/confluentinc/cli/test" name="TestCLI/TestAPIKey/api-key_create_--description_yaml-output_--resource_lkc-other1_-o_yaml" time="0.080000"></testcase>
		<testcase classname="github.com/confluentinc/cli/test" name="TestCLI/TestAPIKey/error_if_storing_unknown_api_key" time="0.070000"></testcase>
		<testcase classname="github.com/confluentinc/cli/test" name="TestCLI/TestAPIKey/error_if_storing_api_key_with_existing_secret" time="0.080000"></testcase>
		<testcase classname="github.com/confluentinc/cli/test" name="TestCLI/TestAPIKey/succeed_if_forced_to_overwrite_existing_secret" time="0.070000"></testcase>
		<testcase classname="github.com/confluentinc/cli/test" name="TestCLI/TestAPIKey/error_if_using_non-existent_api-key" time="0.080000"></testcase>
		<testcase classname="github.com/confluentinc/cli/test" name="TestCLI/TestAPIKey/error_if_using_api-key_for_wrong_cluster" time="0.070000"></testcase>
		<testcase classname="github.com/confluentinc/cli/test" name="TestCLI/TestAPIKey/error_if_using_api-key_without_existing_secret" time="0.080000"></testcase>
		<testcase classname="github.com/confluentinc/cli/test" name="TestCLI/TestAPIKey/api-key_use_UIAPIKEY103" time="0.120000"></testcase>
		<testcase classname="github.com/confluentinc/cli/test" name="TestCLI/TestAPIKey/api-key_create" time="0.080000"></testcase>
		<testcase classname="github.com/confluentinc/cli/test" name="TestCLI/TestAPIKey/api-key_use_UIAPIKEY103_--resource_lkc-unknown" time="0.070000"></testcase>
		<testcase classname="github.com/confluentinc/cli/test" name="TestCLI/TestAPIKey/api-key_create_--resource_lkc-unknown" time="0.100000"></testcase>
		<testcase classname="github.com/confluentinc/cli/test" name="TestCLI/TestAPIKey/listing_multicluster_api_keys" time="0.160000"></testcase>
		<testcase classname="github.com/confluentinc/cli/test" name="TestCLI/TestAPIKey/listing_multicluster_api_keys_with_--resource_field" time="0.160000"></testcase>
		<testcase classname="github.com/confluentinc/cli/test" name="TestCLI/TestAPIKey/listing_multicluster_api_keys_with_--current-user_field" time="0.160000"></testcase>
		<testcase classname="github.com/confluentinc/cli/test" name="TestCLI/TestAPIKey/listing_multicluster_api_keys_with_--service-account_field" time="0.160000"></testcase>
		<testcase classname="github.com/confluentinc/cli/test" name="TestCLI/TestAPIKey" time="7.100000"></testcase>
		<testcase classname="github.com/confluentinc/cli/test" name="TestCLI/TestAPIKeyCreate_ServiceAccountNotValid/api-key_create_--resource_lkc-ab123_--service-account_sa-123456" time="0.160000"></testcase>
		<testcase classname="github.com/confluentinc/cli/test" name="TestCLI/TestAPIKeyCreate_ServiceAccountNotValid" time="0.160000"></testcase>
		<testcase classname="github.com/confluentinc/cli/test" name="TestCLI/TestAdminPaymentDescribe/admin_payment_describe" time="0.160000"></testcase>
		<testcase classname="github.com/confluentinc/cli/test" name="TestCLI/TestAdminPaymentDescribe" time="0.160000"></testcase>
		<testcase classname="github.com/confluentinc/cli/test" name="TestCLI/TestAdminPaymentUpdate/admin_payment_update" time="1.550000"></testcase>
		<testcase classname="github.com/confluentinc/cli/test" name="TestCLI/TestAdminPaymentUpdate/admin_payment_update#01" time="1.130000"></testcase>
		<testcase classname="github.com/confluentinc/cli/test" name="TestCLI/TestAdminPaymentUpdate" time="2.680000"></testcase>
		<testcase classname="github.com/confluentinc/cli/test" name="TestCLI/TestAdminPromoAdd/admin_promo_add_PROMOCODE" time="0.160000"></testcase>
		<testcase classname="github.com/confluentinc/cli/test" name="TestCLI/TestAdminPromoAdd" time="0.160000"></testcase>
		<testcase classname="github.com/confluentinc/cli/test" name="TestCLI/TestAdminPromoList/admin_promo_list" time="0.150000"></testcase>
		<testcase classname="github.com/confluentinc/cli/test" name="TestCLI/TestAdminPromoList/admin_promo_list_-o_json" time="0.160000"></testcase>
		<testcase classname="github.com/confluentinc/cli/test" name="TestCLI/TestAdminPromoList" time="0.320000"></testcase>
		<testcase classname="github.com/confluentinc/cli/test" name="TestCLI/TestApiKeyDescribe/api-key_describe_MYKEY1" time="0.170000"></testcase>
		<testcase classname="github.com/confluentinc/cli/test" name="TestCLI/TestApiKeyDescribe/api-key_describe_MYKEY1_-o_json" time="0.170000"></testcase>
		<testcase classname="github.com/confluentinc/cli/test" name="TestCLI/TestApiKeyDescribe/api-key_describe_MULTICLUSTERKEY1" time="0.220000"></testcase>
		<testcase classname="github.com/confluentinc/cli/test" name="TestCLI/TestApiKeyDescribe" time="0.560000"></testcase>
		<testcase classname="github.com/confluentinc/cli/test" name="TestCLI/TestAsyncApiExport/asyncapi_export" time="0.160000"></testcase>
		<testcase classname="github.com/confluentinc/cli/test" name="TestCLI/TestAsyncApiExport/asyncapi_export#01" time="0.390000"></testcase>
		<testcase classname="github.com/confluentinc/cli/test" name="TestCLI/TestAsyncApiExport/environment_use_env-srUpdate" time="0.150000"></testcase>
		<testcase classname="github.com/confluentinc/cli/test" name="TestCLI/TestAsyncApiExport/asyncapi_export_--schema-registry-api-key_ASYNCAPIKEY_--schema-registry-api-secret_ASYNCAPISECRET" time="0.400000"></testcase>
		<testcase classname="github.com/confluentinc/cli/test" name="TestCLI/TestAsyncApiExport/asyncapi_export_--schema-registry-api-key_ASYNCAPIKEY_--schema-registry-api-secret_ASYNCAPISECRET_--schema-context_dev_--file=asyncapi-with-context.yaml" time="0.380000"></testcase>
		<testcase classname="github.com/confluentinc/cli/test" name="TestCLI/TestAsyncApiExport" time="1.490000"></testcase>
		<testcase classname="github.com/confluentinc/cli/test" name="TestCLI/TestAuditConfigMigrate/audit-log_config_migrate_--combine_cluster123=/Users/bstrauch/git/go/src/github.com/confluentinc/cli/test/fixtures/input/audit-log/config-migration-server1.golden,clusterABC=/Users/bstrauch/git/go/src/github.com/confluentinc/cli/test/fixtures/input/audit-log/config-migration-server2.golden_--bootstrap-servers_new_bootstrap_2_--bootstrap-servers_new_bootstrap_1_--authority_NEW.CRN.AUTHORITY.COM" time="0.150000"></testcase>
		<testcase classname="github.com/confluentinc/cli/test" name="TestCLI/TestAuditConfigMigrate/audit-log_config_migrate_--combine_cluster123=/Users/bstrauch/git/go/src/github.com/confluentinc/cli/test/fixtures/input/audit-log/malformed-migration.golden,clusterABC=/Users/bstrauch/git/go/src/github.com/confluentinc/cli/test/fixtures/input/audit-log/config-migration-server2.golden_--bootstrap-servers_new_bootstrap_2" time="0.150000"></testcase>
		<testcase classname="github.com/confluentinc/cli/test" name="TestCLI/TestAuditConfigMigrate/audit-log_config_migrate_--combine_cluster123=/Users/bstrauch/git/go/src/github.com/confluentinc/cli/test/fixtures/input/audit-log/null-fields-migration.golden,clusterABC=/Users/bstrauch/git/go/src/github.com/confluentinc/cli/test/fixtures/input/audit-log/null-fields-migration.golden" time="0.150000"></testcase>
		<testcase classname="github.com/confluentinc/cli/test" name="TestCLI/TestAuditConfigMigrate" time="0.460000"></testcase>
		<testcase classname="github.com/confluentinc/cli/test" name="TestCLI/TestAuditLogConfig/confluent_audit-log_config_describe_--help" time="0.160000"></testcase>
		<testcase classname="github.com/confluentinc/cli/test" name="TestCLI/TestAuditLogConfig/confluent_audit-log_config_edit_--help" time="0.150000"></testcase>
		<testcase classname="github.com/confluentinc/cli/test" name="TestCLI/TestAuditLogConfig/confluent_audit-log_config_update_--help" time="0.150000"></testcase>
		<testcase classname="github.com/confluentinc/cli/test" name="TestCLI/TestAuditLogConfig" time="0.460000"></testcase>
		<testcase classname="github.com/confluentinc/cli/test" name="TestCLI/TestAuditLogConfigSpecSerialization" time="0.000000"></testcase>
		<testcase classname="github.com/confluentinc/cli/test" name="TestCLI/TestAuditLogDescribe/audit-log_describe" time="0.160000"></testcase>
		<testcase classname="github.com/confluentinc/cli/test" name="TestCLI/TestAuditLogDescribe" time="0.160000"></testcase>
		<testcase classname="github.com/confluentinc/cli/test" name="TestCLI/TestAuditLogDisabledDescribe/audit-log_describe" time="0.160000"></testcase>
		<testcase classname="github.com/confluentinc/cli/test" name="TestCLI/TestAuditLogDisabledDescribe" time="0.160000"></testcase>
		<testcase classname="github.com/confluentinc/cli/test" name="TestCLI/TestAuditLogRoute/confluent_audit-log_route_list_--help" time="0.160000"></testcase>
		<testcase classname="github.com/confluentinc/cli/test" name="TestCLI/TestAuditLogRoute/confluent_audit-log_route_lookup_--help" time="0.150000"></testcase>
		<testcase classname="github.com/confluentinc/cli/test" name="TestCLI/TestAuditLogRoute" time="0.320000"></testcase>
		<testcase classname="github.com/confluentinc/cli/test" name="TestCLI/TestCcloudErrors/invalid_user_or_pass" time="0.070000"></testcase>
		<testcase classname="github.com/confluentinc/cli/test" name="TestCLI/TestCcloudErrors/expired_token" time="0.150000"></testcase>
		<testcase classname="github.com/confluentinc/cli/test" name="TestCLI/TestCcloudErrors/malformed_token" time="0.150000"></testcase>
		<testcase classname="github.com/confluentinc/cli/test" name="TestCLI/TestCcloudErrors/invalid_jwt" time="0.150000"></testcase>
		<testcase classname="github.com/confluentinc/cli/test" name="TestCLI/TestCcloudErrors" time="0.530000"></testcase>
		<testcase classname="github.com/confluentinc/cli/test" name="TestCLI/TestCcloudLoginUseKafkaAuthKafkaErrors/error_if_no_active_kafka" time="0.150000"></testcase>
		<testcase classname="github.com/confluentinc/cli/test" name="TestCLI/TestCcloudLoginUseKafkaAuthKafkaErrors/error_if_topic_already_exists" time="0.390000"></testcase>
		<testcase classname="github.com/confluentinc/cli/test" name="TestCLI/TestCcloudLoginUseKafkaAuthKafkaErrors/error_if_no_api_key_used" time="0.240000"></testcase>
		<testcase classname="github.com/confluentinc/cli/test" name="TestCLI/TestCcloudLoginUseKafkaAuthKafkaErrors/error_if_deleting_non-existent_api-key" time="0.380000"></testcase>
		<testcase classname="github.com/confluentinc/cli/test" name="TestCLI/TestCcloudLoginUseKafkaAuthKafkaErrors/error_if_using_unknown_kafka" time="0.160000"></testcase>
		<testcase classname="github.com/confluentinc/cli/test" name="TestCLI/TestCcloudLoginUseKafkaAuthKafkaErrors" time="1.330000"></testcase>
		<testcase classname="github.com/confluentinc/cli/test" name="TestCLI/TestClientConfig/kafka_client-config" time="0.150000"></testcase>
		<testcase classname="github.com/confluentinc/cli/test" name="TestCLI/TestClientConfig/kafka_client-config_create" time="0.150000"></testcase>
		<testcase classname="github.com/confluentinc/cli/test" name="TestCLI/TestClientConfig/kafka_client-config_create_java_--help" time="0.150000"></testcase>
		<testcase classname="github.com/confluentinc/cli/test" name="TestCLI/TestClientConfig/kafka_client-config_create_csharp_--help" time="0.150000"></testcase>
		<testcase classname="github.com/confluentinc/cli/test" name="TestCLI/TestClientConfig/kafka_client-config_create_java" time="0.160000"></testcase>
		<testcase classname="github.com/confluentinc/cli/test" name="TestCLI/TestClientConfig/kafka_client-config_create_java#01" time="0.230000"></testcase>
		<testcase classname="github.com/confluentinc/cli/test" name="TestCLI/TestClientConfig/api-key_store_UIAPIKEY100_UIAPISECRET100_--resource_lkc-cool1" time="0.160000"></testcase>
		<testcase classname="github.com/confluentinc/cli/test" name="TestCLI/TestClientConfig/api-key_use_UIAPIKEY100_--resource_lkc-cool1" time="0.150000"></testcase>
		<testcase classname="github.com/confluentinc/cli/test" name="TestCLI/TestClientConfig/kafka_client-config_create_java#02" time="0.850000"></testcase>
		<testcase classname="github.com/confluentinc/cli/test" name="TestCLI/TestClientConfig/kafka_client-config_create_csharp" time="0.680000"></testcase>
		<testcase classname="github.com/confluentinc/cli/test" name="TestCLI/TestClientConfig/kafka_client-config#01" time="0.150000"></testcase>
		<testcase classname="github.com/confluentinc/cli/test" name="TestCLI/TestClientConfig/kafka_client-config_create#01" time="0.160000"></testcase>
		<testcase classname="github.com/confluentinc/cli/test" name="TestCLI/TestClientConfig" time="3.150000"></testcase>
		<testcase classname="github.com/confluentinc/cli/test" name="TestCLI/TestCloudSignup/cloud-signup_--url=http://127.0.0.1:1024" time="0.080000"></testcase>
		<testcase classname="github.com/confluentinc/cli/test" name="TestCLI/TestCloudSignup/cloud-signup_--url=http://127.0.0.1:1024#01" time="0.130000"></testcase>
		<testcase classname="github.com/confluentinc/cli/test" name="TestCLI/TestCloudSignup/cloud-signup_--url=http://127.0.0.1:1024#02" time="0.080000"></testcase>
		<testcase classname="github.com/confluentinc/cli/test" name="TestCLI/TestCloudSignup/cloud-signup_--url=http://127.0.0.1:1024#03" time="0.080000"></testcase>
		<testcase classname="github.com/confluentinc/cli/test" name="TestCLI/TestCloudSignup/cloud-signup_--url=http://127.0.0.1:1024#04" time="0.080000"></testcase>
		<testcase classname="github.com/confluentinc/cli/test" name="TestCLI/TestCloudSignup/cloud-signup_--url=http://127.0.0.1:1024#05" time="0.080000"></testcase>
		<testcase classname="github.com/confluentinc/cli/test" name="TestCLI/TestCloudSignup/cloud-signup_--url=http://127.0.0.1:1024#06" time="0.110000"></testcase>
		<testcase classname="github.com/confluentinc/cli/test" name="TestCLI/TestCloudSignup" time="0.630000"></testcase>
		<testcase classname="github.com/confluentinc/cli/test" name="TestCLI/TestCloudSignup_FreeTrialAnnouncement/signup_has_multiple_codes_including_free_trial_code" time="0.080000"></testcase>
		<testcase classname="github.com/confluentinc/cli/test" name="TestCLI/TestCloudSignup_FreeTrialAnnouncement/signup_missing_free_trial_code" time="0.080000"></testcase>
		<testcase classname="github.com/confluentinc/cli/test" name="TestCLI/TestCloudSignup_FreeTrialAnnouncement" time="0.170000"></testcase>
		<testcase classname="github.com/confluentinc/cli/test" name="TestCLI/TestCluster/cluster_list_--help" time="0.160000"></testcase>
		<testcase classname="github.com/confluentinc/cli/test" name="TestCLI/TestCluster/cluster_list_-o_json" time="0.150000"></testcase>
		<testcase classname="github.com/confluentinc/cli/test" name="TestCLI/TestCluster/cluster_list_-o_yaml" time="0.160000"></testcase>
		<testcase classname="github.com/confluentinc/cli/test" name="TestCLI/TestCluster/cluster_list" time="0.150000"></testcase>
		<testcase classname="github.com/confluentinc/cli/test" name="TestCLI/TestCluster/connect_cluster_list_--help" time="0.150000"></testcase>
		<testcase classname="github.com/confluentinc/cli/test" name="TestCLI/TestCluster/connect_cluster_list" time="0.150000"></testcase>
		<testcase classname="github.com/confluentinc/cli/test" name="TestCLI/TestCluster/kafka_cluster_list_--help" time="0.150000"></testcase>
		<testcase classname="github.com/confluentinc/cli/test" name="TestCLI/TestCluster/kafka_cluster_list" time="0.160000"></testcase>
		<testcase classname="github.com/confluentinc/cli/test" name="TestCLI/TestCluster/ksql_cluster_list_--help" time="0.160000"></testcase>
		<testcase classname="github.com/confluentinc/cli/test" name="TestCLI/TestCluster/ksql_cluster_list" time="0.150000"></testcase>
		<testcase classname="github.com/confluentinc/cli/test" name="TestCLI/TestCluster/schema-registry_cluster_list_--help" time="0.160000"></testcase>
		<testcase classname="github.com/confluentinc/cli/test" name="TestCLI/TestCluster/schema-registry_cluster_list" time="0.160000"></testcase>
		<testcase classname="github.com/confluentinc/cli/test" name="TestCLI/TestCluster" time="1.870000"></testcase>
		<testcase classname="github.com/confluentinc/cli/test" name="TestCLI/TestClusterRegistry/cluster_register_--help" time="0.160000"></testcase>
		<testcase classname="github.com/confluentinc/cli/test" name="TestCLI/TestClusterRegistry/cluster_register_--cluster-name_theMdsKSQLCluster_--kafka-cluster_kafka-GUID_--ksql-cluster__ksql-name_--hosts_10.4.4.4:9004_--protocol_PLAIN" time="0.160000"></testcase>
		<testcase classname="github.com/confluentinc/cli/test" name="TestCLI/TestClusterRegistry/cluster_register_--cluster-name_theMdsKSQLCluster_--kafka-cluster_kafka-GUID_--ksql-cluster__ksql-name_--protocol_SASL_PLAINTEXT" time="0.160000"></testcase>
		<testcase classname="github.com/confluentinc/cli/test" name="TestCLI/TestClusterRegistry/cluster_register_--cluster-name_theMdsKSQLCluster_--kafka-cluster_kafka-GUID_--ksql-cluster_ksql-name_--hosts_10.4.4.4:9004_--protocol_HTTPS" time="0.150000"></testcase>
		<testcase classname="github.com/confluentinc/cli/test" name="TestCLI/TestClusterRegistry/cluster_register_--cluster-name_theMdsKSQLCluster_--ksql-cluster_ksql-name_--hosts_10.4.4.4:9004_--protocol_SASL_PLAINTEXT" time="0.150000"></testcase>
		<testcase classname="github.com/confluentinc/cli/test" name="TestCLI/TestClusterRegistry/cluster_unregister_--help" time="0.150000"></testcase>
		<testcase classname="github.com/confluentinc/cli/test" name="TestCLI/TestClusterRegistry/cluster_unregister_--cluster-name_theMdsKafkaCluster" time="0.150000"></testcase>
		<testcase classname="github.com/confluentinc/cli/test" name="TestCLI/TestClusterRegistry/cluster_unregister" time="0.150000"></testcase>
		<testcase classname="github.com/confluentinc/cli/test" name="TestCLI/TestClusterRegistry" time="1.230000"></testcase>
		<testcase classname="github.com/confluentinc/cli/test" name="TestCLI/TestClusterScopedId/cluster_describe_--url_http://127.0.0.1:53643" time="0.150000"></testcase>
		<testcase classname="github.com/confluentinc/cli/test" name="TestCLI/TestClusterScopedId/cluster_describe_--url_http://127.0.0.1:53644" time="0.150000"></testcase>
		<testcase classname="github.com/confluentinc/cli/test" name="TestCLI/TestClusterScopedId/cluster_describe_--url_http://127.0.0.1:53645" time="0.150000"></testcase>
		<testcase classname="github.com/confluentinc/cli/test" name="TestCLI/TestClusterScopedId/cluster_describe_--url_https://127.0.0.1:53646_--ca-cert-path_/Users/bstrauch/git/go/src/github.com/confluentinc/cli/test/fixtures/input/cluster/localhost.pem" time="0.160000"></testcase>
		<testcase classname="github.com/confluentinc/cli/test" name="TestCLI/TestClusterScopedId/cluster_describe_--url_http://127.0.0.1:53647" time="0.150000"></testcase>
		<testcase classname="github.com/confluentinc/cli/test" name="TestCLI/TestClusterScopedId" time="0.770000"></testcase>
		<testcase classname="github.com/confluentinc/cli/test" name="TestCLI/TestCompletion/completion_-h" time="0.080000"></testcase>
		<testcase classname="github.com/confluentinc/cli/test" name="TestCLI/TestCompletion/completion_bash" time="0.070000"></testcase>
		<testcase classname="github.com/confluentinc/cli/test" name="TestCLI/TestCompletion/completion_zsh" time="0.080000"></testcase>
		<testcase classname="github.com/confluentinc/cli/test" name="TestCLI/TestCompletion" time="0.230000"></testcase>
		<testcase classname="github.com/confluentinc/cli/test" name="TestCLI/TestConnect/connect_--help" time="0.150000"></testcase>
		<testcase classname="github.com/confluentinc/cli/test" name="TestCLI/TestConnect/connect_cluster_create_--cluster_lkc-123_--config-file_test/fixtures/input/connect/config.yaml_-o_json" time="0.160000"></testcase>
		<testcase classname="github.com/confluentinc/cli/test" name="TestCLI/TestConnect/connect_cluster_create_--cluster_lkc-123_--config-file_test/fixtures/input/connect/config.yaml_-o_yaml" time="0.160000"></testcase>
		<testcase classname="github.com/confluentinc/cli/test" name="TestCLI/TestConnect/connect_cluster_create_--cluster_lkc-123_--config-file_test/fixtures/input/connect/config.yaml" time="0.160000"></testcase>
		<testcase classname="github.com/confluentinc/cli/test" name="TestCLI/TestConnect/connect_cluster_delete_lcc-123_--cluster_lkc-123_--force" time="0.160000"></testcase>
		<testcase classname="github.com/confluentinc/cli/test" name="TestCLI/TestConnect/connect_cluster_delete_lcc-123_--cluster_lkc-123" time="0.160000"></testcase>
		<testcase classname="github.com/confluentinc/cli/test" name="TestCLI/TestConnect/connect_cluster_describe_lcc-123_--cluster_lkc-123_-o_json" time="0.160000"></testcase>
		<testcase classname="github.com/confluentinc/cli/test" name="TestCLI/TestConnect/connect_cluster_describe_lcc-123_--cluster_lkc-123_-o_yaml" time="0.160000"></testcase>
		<testcase classname="github.com/confluentinc/cli/test" name="TestCLI/TestConnect/connect_cluster_describe_lcc-123_--cluster_lkc-123" time="0.160000"></testcase>
		<testcase classname="github.com/confluentinc/cli/test" name="TestCLI/TestConnect/connect_cluster_list_--cluster_lkc-123_-o_json" time="0.160000"></testcase>
		<testcase classname="github.com/confluentinc/cli/test" name="TestCLI/TestConnect/connect_cluster_list_--cluster_lkc-123_-o_yaml" time="0.170000"></testcase>
		<testcase classname="github.com/confluentinc/cli/test" name="TestCLI/TestConnect/connect_cluster_list_--cluster_lkc-123" time="0.220000"></testcase>
		<testcase classname="github.com/confluentinc/cli/test" name="TestCLI/TestConnect/connect_cluster_update_lcc-123_--cluster_lkc-123_--config-file_test/fixtures/input/connect/config.yaml" time="0.170000"></testcase>
		<testcase classname="github.com/confluentinc/cli/test" name="TestCLI/TestConnect/connect_event_describe" time="0.160000"></testcase>
		<testcase classname="github.com/confluentinc/cli/test" name="TestCLI/TestConnect/connect_cluster_create_--cluster_lkc-123_--config-file_test/fixtures/input/connect/config-new-format.json_-o_json" time="0.180000"></testcase>
		<testcase classname="github.com/confluentinc/cli/test" name="TestCLI/TestConnect/connect_cluster_create_--cluster_lkc-123_--config-file_test/fixtures/input/connect/config-new-format.json_-o_yaml" time="0.170000"></testcase>
		<testcase classname="github.com/confluentinc/cli/test" name="TestCLI/TestConnect/connect_cluster_update_lcc-123_--cluster_lkc-123_--config-file_test/fixtures/input/connect/config-new-format.json" time="0.160000"></testcase>
		<testcase classname="github.com/confluentinc/cli/test" name="TestCLI/TestConnect" time="2.820000"></testcase>
		<testcase classname="github.com/confluentinc/cli/test" name="TestCLI/TestConnectPause/connect_cluster_pause_--help" time="0.160000"></testcase>
		<testcase classname="github.com/confluentinc/cli/test" name="TestCLI/TestConnectPause/connect_cluster_pause_lcc-000000_--cluster_lkc-123456" time="0.170000"></testcase>
		<testcase classname="github.com/confluentinc/cli/test" name="TestCLI/TestConnectPause/connect_cluster_pause_lcc-123_--cluster_lkc-123456" time="0.160000"></testcase>
		<testcase classname="github.com/confluentinc/cli/test" name="TestCLI/TestConnectPause" time="0.490000"></testcase>
		<testcase classname="github.com/confluentinc/cli/test" name="TestCLI/TestConnectPlugin/connect_plugin_--help" time="0.150000"></testcase>
		<testcase classname="github.com/confluentinc/cli/test" name="TestCLI/TestConnectPlugin/connect_plugin_describe_GcsSink_--cluster_lkc-123_-o_json" time="0.160000"></testcase>
		<testcase classname="github.com/confluentinc/cli/test" name="TestCLI/TestConnectPlugin/connect_plugin_describe_GcsSink_--cluster_lkc-123_-o_yaml" time="0.160000"></testcase>
		<testcase classname="github.com/confluentinc/cli/test" name="TestCLI/TestConnectPlugin/connect_plugin_describe_GcsSink_--cluster_lkc-123" time="0.160000"></testcase>
		<testcase classname="github.com/confluentinc/cli/test" name="TestCLI/TestConnectPlugin/connect_plugin_list_--cluster_lkc-123_-o_json" time="0.160000"></testcase>
		<testcase classname="github.com/confluentinc/cli/test" name="TestCLI/TestConnectPlugin/connect_plugin_list_--cluster_lkc-123_-o_yaml" time="0.160000"></testcase>
		<testcase classname="github.com/confluentinc/cli/test" name="TestCLI/TestConnectPlugin/connect_plugin_list_--cluster_lkc-123" time="0.160000"></testcase>
		<testcase classname="github.com/confluentinc/cli/test" name="TestCLI/TestConnectPlugin" time="1.130000"></testcase>
		<testcase classname="github.com/confluentinc/cli/test" name="TestCLI/TestConnectResume/connect_cluster_resume_--help" time="0.160000"></testcase>
		<testcase classname="github.com/confluentinc/cli/test" name="TestCLI/TestConnectResume/connect_cluster_resume_lcc-000000_--cluster_lkc-123456" time="0.160000"></testcase>
		<testcase classname="github.com/confluentinc/cli/test" name="TestCLI/TestConnectResume/connect_cluster_resume_lcc-123_--cluster_lkc-123456" time="0.160000"></testcase>
		<testcase classname="github.com/confluentinc/cli/test" name="TestCLI/TestConnectResume" time="0.480000"></testcase>
		<testcase classname="github.com/confluentinc/cli/test" name="TestCLI/TestContextCreate/context_create_0_--bootstrap_http://127.0.0.1:1024_--api-key_test_--api-secret_@test/fixtures/input/context/api-secret.txt" time="0.080000"></testcase>
		<testcase classname="github.com/confluentinc/cli/test" name="TestCLI/TestContextCreate" time="0.080000"></testcase>
		<testcase classname="github.com/confluentinc/cli/test" name="TestCLI/TestContextDelete/context_create_0_--bootstrap_http://127.0.0.1:1024_--api-key_test_--api-secret_@test/fixtures/input/context/api-secret.txt" time="0.080000"></testcase>
		<testcase classname="github.com/confluentinc/cli/test" name="TestCLI/TestContextDelete/context_create_0-prompt_--bootstrap_http://127.0.0.1:1024_--api-key_test_--api-secret_@test/fixtures/input/context/api-secret.txt" time="0.080000"></testcase>
		<testcase classname="github.com/confluentinc/cli/test" name="TestCLI/TestContextDelete/context_delete_0_--force" time="0.070000"></testcase>
		<testcase classname="github.com/confluentinc/cli/test" name="TestCLI/TestContextDelete/context_delete_0-prompt" time="0.080000"></testcase>
		<testcase classname="github.com/confluentinc/cli/test" name="TestCLI/TestContextDelete/context_delete_1_--force" time="0.070000"></testcase>
		<testcase classname="github.com/confluentinc/cli/test" name="TestCLI/TestContextDelete" time="0.380000"></testcase>
		<testcase classname="github.com/confluentinc/cli/test" name="TestCLI/TestContextList/context_create_0_--bootstrap_http://127.0.0.1:1024_--api-key_test_--api-secret_@test/fixtures/input/context/api-secret.txt" time="0.080000"></testcase>
		<testcase classname="github.com/confluentinc/cli/test" name="TestCLI/TestContextList/context_create_1_--bootstrap_http://127.0.0.1:1024_--api-key_test_--api-secret_@test/fixtures/input/context/api-secret.txt" time="0.070000"></testcase>
		<testcase classname="github.com/confluentinc/cli/test" name="TestCLI/TestContextList/context_list" time="0.080000"></testcase>
		<testcase classname="github.com/confluentinc/cli/test" name="TestCLI/TestContextList" time="0.230000"></testcase>
		<testcase classname="github.com/confluentinc/cli/test" name="TestCLI/TestContextList_CloudAndOnPrem" time="1.250000"></testcase>
		<testcase classname="github.com/confluentinc/cli/test" name="TestCLI/TestContextUpdate/context_create_0_--bootstrap_http://127.0.0.1:1024_--api-key_test_--api-secret_@test/fixtures/input/context/api-secret.txt" time="0.070000"></testcase>
		<testcase classname="github.com/confluentinc/cli/test" name="TestCLI/TestContextUpdate/context_update_0_--name_1" time="0.080000"></testcase>
		<testcase classname="github.com/confluentinc/cli/test" name="TestCLI/TestContextUpdate/context_describe_1" time="0.080000"></testcase>
		<testcase classname="github.com/confluentinc/cli/test" name="TestCLI/TestContextUpdate/context_update_1" time="0.080000"></testcase>
		<testcase classname="github.com/confluentinc/cli/test" name="TestCLI/TestContextUpdate/context_create_2_--bootstrap_http://127.0.0.1:1024_--api-key_test_--api-secret_@test/fixtures/input/context/api-secret.txt" time="0.100000"></testcase>
		<testcase classname="github.com/confluentinc/cli/test" name="TestCLI/TestContextUpdate/context_update_1_--name_2" time="0.090000"></testcase>
		<testcase classname="github.com/confluentinc/cli/test" name="TestCLI/TestContextUpdate" time="0.500000"></testcase>
		<testcase classname="github.com/confluentinc/cli/test" name="TestCLI/TestContextUse/context_create_0_--bootstrap_http://127.0.0.1:1024_--api-key_test_--api-secret_@test/fixtures/input/context/api-secret.txt" time="0.080000"></testcase>
		<testcase classname="github.com/confluentinc/cli/test" name="TestCLI/TestContextUse/context_describe" time="0.080000"></testcase>
		<testcase classname="github.com/confluentinc/cli/test" name="TestCLI/TestContextUse/context_use_0" time="0.080000"></testcase>
		<testcase classname="github.com/confluentinc/cli/test" name="TestCLI/TestContextUse/context_describe#01" time="0.080000"></testcase>
		<testcase classname="github.com/confluentinc/cli/test" name="TestCLI/TestContextUse" time="0.330000"></testcase>
		<testcase classname="github.com/confluentinc/cli/test" name="TestCLI/TestDescribe/context_create_0_--bootstrap_http://127.0.0.1:1024_--api-key_test_--api-secret_@test/fixtures/input/context/api-secret.txt" time="0.080000"></testcase>
		<testcase classname="github.com/confluentinc/cli/test" name="TestCLI/TestDescribe/context_use_0" time="0.080000"></testcase>
		<testcase classname="github.com/confluentinc/cli/test" name="TestCLI/TestDescribe/context_describe" time="0.080000"></testcase>
		<testcase classname="github.com/confluentinc/cli/test" name="TestCLI/TestDescribe/context_describe_--api-key" time="0.080000"></testcase>
		<testcase classname="github.com/confluentinc/cli/test" name="TestCLI/TestDescribe/context_describe_--username" time="0.080000"></testcase>
		<testcase classname="github.com/confluentinc/cli/test" name="TestCLI/TestDescribe/context_describe_--api-key#01" time="0.160000"></testcase>
		<testcase classname="github.com/confluentinc/cli/test" name="TestCLI/TestDescribe/context_describe_--username#01" time="0.150000"></testcase>
		<testcase classname="github.com/confluentinc/cli/test" name="TestCLI/TestDescribe" time="0.720000"></testcase>
		<testcase classname="github.com/confluentinc/cli/test" name="TestCLI/TestEnvironment/environment_list" time="0.170000"></testcase>
		<testcase classname="github.com/confluentinc/cli/test" name="TestCLI/TestEnvironment/environment_use_not-595" time="0.080000"></testcase>
		<testcase classname="github.com/confluentinc/cli/test" name="TestCLI/TestEnvironment/environment_update_not-595_--name_new-other-name" time="0.080000"></testcase>
		<testcase classname="github.com/confluentinc/cli/test" name="TestCLI/TestEnvironment/environment_list#01" time="0.080000"></testcase>
		<testcase classname="github.com/confluentinc/cli/test" name="TestCLI/TestEnvironment/environment_list_-o_json" time="0.080000"></testcase>
		<testcase classname="github.com/confluentinc/cli/test" name="TestCLI/TestEnvironment/environment_list_-o_yaml" time="0.170000"></testcase>
		<testcase classname="github.com/confluentinc/cli/test" name="TestCLI/TestEnvironment/environment_use_non-existent-id" time="0.080000"></testcase>
		<testcase classname="github.com/confluentinc/cli/test" name="TestCLI/TestEnvironment/environment_create_saucayyy" time="0.080000"></testcase>
		<testcase classname="github.com/confluentinc/cli/test" name="TestCLI/TestEnvironment/environment_create_saucayyy_-o_json" time="0.080000"></testcase>
		<testcase classname="github.com/confluentinc/cli/test" name="TestCLI/TestEnvironment/environment_create_saucayyy_-o_yaml" time="0.080000"></testcase>
		<testcase classname="github.com/confluentinc/cli/test" name="TestCLI/TestEnvironment/environment_delete_not-595_--force" time="0.080000"></testcase>
		<testcase classname="github.com/confluentinc/cli/test" name="TestCLI/TestEnvironment/environment_delete_not-595" time="0.080000"></testcase>
		<testcase classname="github.com/confluentinc/cli/test" name="TestCLI/TestEnvironment/environment_delete_env-dne_--force" time="0.070000"></testcase>
		<testcase classname="github.com/confluentinc/cli/test" name="TestCLI/TestEnvironment" time="1.230000"></testcase>
		<testcase classname="github.com/confluentinc/cli/test" name="TestCLI/TestEnvironmentDescribe/environment_describe_env-12345" time="0.160000"></testcase>
		<testcase classname="github.com/confluentinc/cli/test" name="TestCLI/TestEnvironmentDescribe/environment_describe_env-12345_-o_json" time="0.180000"></testcase>
		<testcase classname="github.com/confluentinc/cli/test" name="TestCLI/TestEnvironmentDescribe" time="0.340000"></testcase>
		<testcase classname="github.com/confluentinc/cli/test" name="TestCLI/TestHelp_Cloud/#00" time="0.160000"></testcase>
		<testcase classname="github.com/confluentinc/cli/test" name="TestCLI/TestHelp_Cloud/help" time="0.160000"></testcase>
		<testcase classname="github.com/confluentinc/cli/test" name="TestCLI/TestHelp_Cloud/-h" time="0.170000"></testcase>
		<testcase classname="github.com/confluentinc/cli/test" name="TestCLI/TestHelp_Cloud/--help" time="0.160000"></testcase>
		<testcase classname="github.com/confluentinc/cli/test" name="TestCLI/TestHelp_Cloud" time="0.660000"></testcase>
		<testcase classname="github.com/confluentinc/cli/test" name="TestCLI/TestHelp_NoContext/#00" time="0.080000"></testcase>
		<testcase classname="github.com/confluentinc/cli/test" name="TestCLI/TestHelp_NoContext/help" time="0.080000"></testcase>
		<testcase classname="github.com/confluentinc/cli/test" name="TestCLI/TestHelp_NoContext/-h" time="0.080000"></testcase>
		<testcase classname="github.com/confluentinc/cli/test" name="TestCLI/TestHelp_NoContext/--help" time="0.070000"></testcase>
		<testcase classname="github.com/confluentinc/cli/test" name="TestCLI/TestHelp_NoContext" time="0.310000"></testcase>
		<testcase classname="github.com/confluentinc/cli/test" name="TestCLI/TestHelp_OnPrem/#00" time="0.160000"></testcase>
		<testcase classname="github.com/confluentinc/cli/test" name="TestCLI/TestHelp_OnPrem/help" time="0.160000"></testcase>
		<testcase classname="github.com/confluentinc/cli/test" name="TestCLI/TestHelp_OnPrem/-h" time="0.180000"></testcase>
		<testcase classname="github.com/confluentinc/cli/test" name="TestCLI/TestHelp_OnPrem/--help" time="0.170000"></testcase>
		<testcase classname="github.com/confluentinc/cli/test" name="TestCLI/TestHelp_OnPrem" time="0.670000"></testcase>
		<testcase classname="github.com/confluentinc/cli/test" name="TestCLI/TestIAMACL/iam_acl_create_--help" time="0.160000"></testcase>
		<testcase classname="github.com/confluentinc/cli/test" name="TestCLI/TestIAMACL/iam_acl_delete_--help" time="0.160000"></testcase>
		<testcase classname="github.com/confluentinc/cli/test" name="TestCLI/TestIAMACL/iam_acl_list_--help" time="0.160000"></testcase>
		<testcase classname="github.com/confluentinc/cli/test" name="TestCLI/TestIAMACL" time="0.470000"></testcase>
		<testcase classname="github.com/confluentinc/cli/test" name="TestCLI/TestIAMPoolCreate/iam_pool_create_testPool_--provider_op-12345_--description_new-description_--identity-claim_sub_--filter_claims.iss=&#34;https://company.provider.com&#34;" time="0.160000"></testcase>
		<testcase classname="github.com/confluentinc/cli/test" name="TestCLI/TestIAMPoolCreate" time="0.160000"></testcase>
		<testcase classname="github.com/confluentinc/cli/test" name="TestCLI/TestIAMPoolDelete/iam_pool_delete_pool-55555_--provider_op-12345_--force" time="0.160000"></testcase>
		<testcase classname="github.com/confluentinc/cli/test" name="TestCLI/TestIAMPoolDelete/iam_pool_delete_pool-55555_--provider_op-12345" time="0.160000"></testcase>
		<testcase classname="github.com/confluentinc/cli/test" name="TestCLI/TestIAMPoolDelete/iam_pool_delete_pool-1_--provider_op-12345_--force" time="0.160000"></testcase>
		<testcase classname="github.com/confluentinc/cli/test" name="TestCLI/TestIAMPoolDelete" time="0.490000"></testcase>
		<testcase classname="github.com/confluentinc/cli/test" name="TestCLI/TestIAMPoolDescribe/iam_pool_describe_pool-12345_--provider_op-12345" time="0.170000"></testcase>
		<testcase classname="github.com/confluentinc/cli/test" name="TestCLI/TestIAMPoolDescribe" time="0.170000"></testcase>
		<testcase classname="github.com/confluentinc/cli/test" name="TestCLI/TestIAMPoolList/iam_pool_list_--provider_op-12345" time="0.160000"></testcase>
		<testcase classname="github.com/confluentinc/cli/test" name="TestCLI/TestIAMPoolList" time="0.160000"></testcase>
		<testcase classname="github.com/confluentinc/cli/test" name="TestCLI/TestIAMPoolUpdate/iam_pool_update_pool-12345_--provider_op-12345_--name_newer-name_--description_more-descriptive_--identity-claim_new-sub_--filter_claims.iss=&#34;https://new-company.new-provider.com&#34;" time="0.160000"></testcase>
		<testcase classname="github.com/confluentinc/cli/test" name="TestCLI/TestIAMPoolUpdate" time="0.160000"></testcase>
		<testcase classname="github.com/confluentinc/cli/test" name="TestCLI/TestIAMProviderCreate/iam_provider_create_Okta_--description_new-description_--jwks-uri_https://company.provider.com/oauth2/v1/keys_--issuer-uri_https://company.provider.com" time="0.460000"></testcase>
		<testcase classname="github.com/confluentinc/cli/test" name="TestCLI/TestIAMProviderCreate" time="0.460000"></testcase>
		<testcase classname="github.com/confluentinc/cli/test" name="TestCLI/TestIAMProviderDelete/iam_provider_delete_op-55555_--force" time="0.180000"></testcase>
		<testcase classname="github.com/confluentinc/cli/test" name="TestCLI/TestIAMProviderDelete/iam_provider_delete_op-55555" time="0.160000"></testcase>
		<testcase classname="github.com/confluentinc/cli/test" name="TestCLI/TestIAMProviderDelete/iam_provider_delete_op-1_--force" time="0.160000"></testcase>
		<testcase classname="github.com/confluentinc/cli/test" name="TestCLI/TestIAMProviderDelete" time="0.490000"></testcase>
		<testcase classname="github.com/confluentinc/cli/test" name="TestCLI/TestIAMProviderDescribe/iam_provider_describe_op-12345" time="0.160000"></testcase>
		<testcase classname="github.com/confluentinc/cli/test" name="TestCLI/TestIAMProviderDescribe" time="0.160000"></testcase>
		<testcase classname="github.com/confluentinc/cli/test" name="TestCLI/TestIAMProviderList/iam_provider_list" time="0.170000"></testcase>
		<testcase classname="github.com/confluentinc/cli/test" name="TestCLI/TestIAMProviderList" time="0.170000"></testcase>
		<testcase classname="github.com/confluentinc/cli/test" name="TestCLI/TestIAMProviderUpdate/iam_provider_update_op-12345_--name_new-name_--description_new-description" time="0.160000"></testcase>
		<testcase classname="github.com/confluentinc/cli/test" name="TestCLI/TestIAMProviderUpdate" time="0.160000"></testcase>
		<testcase classname="github.com/confluentinc/cli/test" name="TestCLI/TestIAMRBACRoleBindingCRUDCloud/iam_rbac_role-binding_create_--help" time="0.160000"></testcase>
		<testcase classname="github.com/confluentinc/cli/test" name="TestCLI/TestIAMRBACRoleBindingCRUDCloud/iam_rbac_role-binding_create_--principal_User:u-11aaa_--role_CloudClusterAdmin_--current-environment_--cloud-cluster_lkc-1111aaa" time="0.160000"></testcase>
		<testcase classname="github.com/confluentinc/cli/test" name="TestCLI/TestIAMRBACRoleBindingCRUDCloud/iam_rbac_role-binding_create_--principal_User:u-11aaa_--role_CloudClusterAdmin_--environment_a-595_--cloud-cluster_lkc-1111aaa" time="0.160000"></testcase>
		<testcase classname="github.com/confluentinc/cli/test" name="TestCLI/TestIAMRBACRoleBindingCRUDCloud/iam_rbac_role-binding_create_--principal_User:u-11aaa_--role_CloudClusterAdmin" time="0.170000"></testcase>
		<testcase classname="github.com/confluentinc/cli/test" name="TestCLI/TestIAMRBACRoleBindingCRUDCloud/iam_rbac_role-binding_create_--principal_User:u-11aaa_--role_CloudClusterAdmin_--cloud-cluster_lkc-1111aaa" time="0.160000"></testcase>
		<testcase classname="github.com/confluentinc/cli/test" name="TestCLI/TestIAMRBACRoleBindingCRUDCloud/iam_rbac_role-binding_create_--principal_User:u-11aaa_--role_EnvironmentAdmin" time="0.160000"></testcase>
		<testcase classname="github.com/confluentinc/cli/test" name="TestCLI/TestIAMRBACRoleBindingCRUDCloud/iam_rbac_role-binding_delete_--principal_User:u-11aaa_--role_CloudClusterAdmin_--environment_a-595_--cloud-cluster_lkc-1111aaa_--force" time="0.160000"></testcase>
		<testcase classname="github.com/confluentinc/cli/test" name="TestCLI/TestIAMRBACRoleBindingCRUDCloud/iam_rbac_role-binding_delete_--principal_User:u-11aaa_--role_CloudClusterAdmin_--environment_a-595_--cloud-cluster_lkc-1111aaa" time="0.170000"></testcase>
		<testcase classname="github.com/confluentinc/cli/test" name="TestCLI/TestIAMRBACRoleBindingCRUDCloud/iam_rbac_role-binding_delete_--principal_User:u-11aaa_--role_CloudClusterAdmin_--current-environment_--cloud-cluster_lkc-1111aaa_--force" time="0.160000"></testcase>
		<testcase classname="github.com/confluentinc/cli/test" name="TestCLI/TestIAMRBACRoleBindingCRUDCloud/iam_rbac_role-binding_delete_--principal_User:u-11aaa_--role_CloudClusterAdmin_--force" time="0.180000"></testcase>
		<testcase classname="github.com/confluentinc/cli/test" name="TestCLI/TestIAMRBACRoleBindingCRUDCloud/iam_rbac_role-binding_delete_--principal_User:u-11aaa_--role_CloudClusterAdmin_--cloud-cluster_lkc-1111aaa_--force" time="0.170000"></testcase>
		<testcase classname="github.com/confluentinc/cli/test" name="TestCLI/TestIAMRBACRoleBindingCRUDCloud/iam_rbac_role-binding_delete_--principal_User:u-11aaa_--role_EnvironmentAdmin_--force" time="0.170000"></testcase>
		<testcase classname="github.com/confluentinc/cli/test" name="TestCLI/TestIAMRBACRoleBindingCRUDCloud/iam_rbac_role-binding_delete_--principal_User:u-11aaa_--current-environment_--cloud-cluster_lkc-1111aaa" time="0.210000"></testcase>
		<testcase classname="github.com/confluentinc/cli/test" name="TestCLI/TestIAMRBACRoleBindingCRUDCloud/iam_rbac_role-binding_create_--principal_User:u-11aaa@confluent.io_--role_CloudClusterAdmin_--current-environment_--cloud-cluster_lkc-1111aaa" time="0.170000"></testcase>
		<testcase classname="github.com/confluentinc/cli/test" name="TestCLI/TestIAMRBACRoleBindingCRUDCloud" time="2.370000"></testcase>
		<testcase classname="github.com/confluentinc/cli/test" name="TestCLI/TestIAMRBACRoleBindingCRUDOnPrem/iam_rbac_role-binding_create_--help" time="0.210000"></testcase>
		<testcase classname="github.com/confluentinc/cli/test" name="TestCLI/TestIAMRBACRoleBindingCRUDOnPrem/iam_rbac_role-binding_create_--principal_User:bob_--role_DeveloperRead_--resource_Topic:connect-configs_--cluster-name_theMdsConnectCluster" time="0.170000"></testcase>
		<testcase classname="github.com/confluentinc/cli/test" name="TestCLI/TestIAMRBACRoleBindingCRUDOnPrem/iam_rbac_role-binding_create_--principal_User:bob_--role_DeveloperRead_--resource_Topic:connect-configs_--kafka-cluster_kafka-GUID" time="0.160000"></testcase>
		<testcase classname="github.com/confluentinc/cli/test" name="TestCLI/TestIAMRBACRoleBindingCRUDOnPrem/iam_rbac_role-binding_create_--principal_User:bob_--role_DeveloperRead_--resource_Topic:connect-configs_--kafka-cluster_kafka-GUID_--cluster-name_theMdsConnectCluster" time="0.150000"></testcase>
		<testcase classname="github.com/confluentinc/cli/test" name="TestCLI/TestIAMRBACRoleBindingCRUDOnPrem/iam_rbac_role-binding_create_--principal_User:bob_--role_DeveloperRead_--resource_Topic:connect-configs_--ksql-cluster_ksqlname_--cluster-name_theMdsConnectCluster" time="0.160000"></testcase>
		<testcase classname="github.com/confluentinc/cli/test" name="TestCLI/TestIAMRBACRoleBindingCRUDOnPrem/iam_rbac_role-binding_create_--principal_User:bob_--role_DeveloperRead_--resource_Topic:connect-configs" time="0.160000"></testcase>
		<testcase classname="github.com/confluentinc/cli/test" name="TestCLI/TestIAMRBACRoleBindingCRUDOnPrem/iam_rbac_role-binding_create_--principal_User:bob_--role_DeveloperRead_--resource_Topic:connect-configs_--ksql-cluster_ksql-name" time="0.160000"></testcase>
		<testcase classname="github.com/confluentinc/cli/test" name="TestCLI/TestIAMRBACRoleBindingCRUDOnPrem/iam_rbac_role-binding_create_--principal_User:bob_--role_DeveloperRead_--resource_Topic:connect-configs_--ksql-cluster_ksqlName_--connect-cluster_connectID_--kafka-cluster_kafka-GUID" time="0.160000"></testcase>
		<testcase classname="github.com/confluentinc/cli/test" name="TestCLI/TestIAMRBACRoleBindingCRUDOnPrem/iam_rbac_role-binding_delete_--help" time="0.160000"></testcase>
		<testcase classname="github.com/confluentinc/cli/test" name="TestCLI/TestIAMRBACRoleBindingCRUDOnPrem/iam_rbac_role-binding_delete_--principal_User:bob_--role_DeveloperRead_--resource_Topic:connect-configs_--cluster-name_theMdsConnectCluster_--force" time="0.150000"></testcase>
		<testcase classname="github.com/confluentinc/cli/test" name="TestCLI/TestIAMRBACRoleBindingCRUDOnPrem/iam_rbac_role-binding_delete_--principal_User:bob_--role_DeveloperRead_--resource_Topic:connect-configs_--cluster-name_theMdsConnectCluster" time="0.160000"></testcase>
		<testcase classname="github.com/confluentinc/cli/test" name="TestCLI/TestIAMRBACRoleBindingCRUDOnPrem/iam_rbac_role-binding_delete_--principal_User:bob_--role_DeveloperRead_--resource_Topic:connect-configs_--kafka-cluster_kafka-GUID_--force" time="0.160000"></testcase>
		<testcase classname="github.com/confluentinc/cli/test" name="TestCLI/TestIAMRBACRoleBindingCRUDOnPrem/iam_rbac_role-binding_delete_--principal_User:bob_--role_DeveloperRead_--resource_Topic:connect-configs_--kafka-cluster_kafka-GUID_--cluster-name_theMdsConnectCluster_--force" time="0.150000"></testcase>
		<testcase classname="github.com/confluentinc/cli/test" name="TestCLI/TestIAMRBACRoleBindingCRUDOnPrem/iam_rbac_role-binding_delete_--principal_User:bob_--role_DeveloperRead_--resource_Topic:connect-configs_--ksql-cluster_ksqlname_--cluster-name_theMdsConnectCluster_--force" time="0.160000"></testcase>
		<testcase classname="github.com/confluentinc/cli/test" name="TestCLI/TestIAMRBACRoleBindingCRUDOnPrem/iam_rbac_role-binding_delete_--principal_User:bob_--role_DeveloperRead_--resource_Topic:connect-configs_--force" time="0.160000"></testcase>
		<testcase classname="github.com/confluentinc/cli/test" name="TestCLI/TestIAMRBACRoleBindingCRUDOnPrem/iam_rbac_role-binding_delete_--principal_User:bob_--role_DeveloperRead_--resource_Topic:connect-configs_--ksql-cluster_ksql-name_--force" time="0.210000"></testcase>
		<testcase classname="github.com/confluentinc/cli/test" name="TestCLI/TestIAMRBACRoleBindingCRUDOnPrem/iam_rbac_role-binding_delete_--principal_User:bob_--role_DeveloperRead_--resource_Topic:connect-configs_--ksql-cluster_ksqlName_--connect-cluster_connectID_--kafka-cluster_kafka-GUID_--force" time="0.160000"></testcase>
		<testcase classname="github.com/confluentinc/cli/test" name="TestCLI/TestIAMRBACRoleBindingCRUDOnPrem/iam_rbac_role-binding_create_--principal_User:bob@Kafka_--role_DeveloperRead_--resource_Topic:connect-configs_--kafka-cluster_kafka-GUID" time="0.160000"></testcase>
		<testcase classname="github.com/confluentinc/cli/test" name="TestCLI/TestIAMRBACRoleBindingCRUDOnPrem" time="2.940000"></testcase>
		<testcase classname="github.com/confluentinc/cli/test" name="TestCLI/TestIAMRBACRoleBindingListCloud/iam_rbac_role-binding_list" time="0.160000"></testcase>
		<testcase classname="github.com/confluentinc/cli/test" name="TestCLI/TestIAMRBACRoleBindingListCloud/iam_rbac_role-binding_list_--environment_a-595_--cloud-cluster_lkc-1111aaa" time="0.170000"></testcase>
		<testcase classname="github.com/confluentinc/cli/test" name="TestCLI/TestIAMRBACRoleBindingListCloud/iam_rbac_role-binding_list_--environment_a-595_--cloud-cluster_lkc-1111aaa_--principal_User:u-11aaa" time="0.270000"></testcase>
		<testcase classname="github.com/confluentinc/cli/test" name="TestCLI/TestIAMRBACRoleBindingListCloud/iam_rbac_role-binding_list_--current-environment_--cloud-cluster_lkc-1111aaa_--principal_User:u-11aaa" time="0.160000"></testcase>
		<testcase classname="github.com/confluentinc/cli/test" name="TestCLI/TestIAMRBACRoleBindingListCloud/iam_rbac_role-binding_list_--environment_a-595_--cloud-cluster_lkc-1111aaa_--principal_User:u-22bbb" time="0.170000"></testcase>
		<testcase classname="github.com/confluentinc/cli/test" name="TestCLI/TestIAMRBACRoleBindingListCloud/iam_rbac_role-binding_list_--environment_a-595_--cloud-cluster_lkc-1111aaa_--principal_User:u-33ccc" time="0.160000"></testcase>
		<testcase classname="github.com/confluentinc/cli/test" name="TestCLI/TestIAMRBACRoleBindingListCloud/iam_rbac_role-binding_list_--environment_a-595_--cloud-cluster_lkc-1111aaa_--principal_User:u-44ddd" time="0.160000"></testcase>
		<testcase classname="github.com/confluentinc/cli/test" name="TestCLI/TestIAMRBACRoleBindingListCloud/iam_rbac_role-binding_list_--environment_a-595_--cloud-cluster_lkc-1111aaa_--principal_User:u-55eee" time="0.170000"></testcase>
		<testcase classname="github.com/confluentinc/cli/test" name="TestCLI/TestIAMRBACRoleBindingListCloud/iam_rbac_role-binding_list_--environment_a-595_--cloud-cluster_lkc-1111aaa_--principal_User:u-66fff" time="0.160000"></testcase>
		<testcase classname="github.com/confluentinc/cli/test" name="TestCLI/TestIAMRBACRoleBindingListCloud/iam_rbac_role-binding_list_--environment_a-595_--principal_User:u-77ggg" time="0.160000"></testcase>
		<testcase classname="github.com/confluentinc/cli/test" name="TestCLI/TestIAMRBACRoleBindingListCloud/iam_rbac_role-binding_list_--role_OrganizationAdmin" time="0.210000"></testcase>
		<testcase classname="github.com/confluentinc/cli/test" name="TestCLI/TestIAMRBACRoleBindingListCloud/iam_rbac_role-binding_list_--environment_a-595_--role_EnvironmentAdmin" time="0.160000"></testcase>
		<testcase classname="github.com/confluentinc/cli/test" name="TestCLI/TestIAMRBACRoleBindingListCloud/iam_rbac_role-binding_list_--environment_a-595_--cloud-cluster_lkc-1111aaa_--role_CloudClusterAdmin" time="0.160000"></testcase>
		<testcase classname="github.com/confluentinc/cli/test" name="TestCLI/TestIAMRBACRoleBindingListCloud/iam_rbac_role-binding_list_--environment_a-595_--cloud-cluster_lkc-1111aaa_--role_CloudClusterAdmin_-o_yaml" time="0.160000"></testcase>
		<testcase classname="github.com/confluentinc/cli/test" name="TestCLI/TestIAMRBACRoleBindingListCloud/iam_rbac_role-binding_list_--environment_a-595_--cloud-cluster_lkc-1111aaa_--role_CloudClusterAdmin_-o_json" time="0.160000"></testcase>
		<testcase classname="github.com/confluentinc/cli/test" name="TestCLI/TestIAMRBACRoleBindingListCloud/iam_rbac_role-binding_list_--principal_User:u-41dxz3_--cluster_pantsCluster" time="0.160000"></testcase>
		<testcase classname="github.com/confluentinc/cli/test" name="TestCLI/TestIAMRBACRoleBindingListCloud/iam_rbac_role-binding_list_--help" time="0.160000"></testcase>
		<testcase classname="github.com/confluentinc/cli/test" name="TestCLI/TestIAMRBACRoleBindingListCloud/iam_rbac_role-binding_list_--environment_a-595_--cloud-cluster_lkc-1111aaa_--role_InvalidOrgAdmin" time="0.160000"></testcase>
		<testcase classname="github.com/confluentinc/cli/test" name="TestCLI/TestIAMRBACRoleBindingListCloud/iam_rbac_role-binding_list_--environment_a-595_--cloud-cluster_lkc-1111aaa_--role_InvalidMetricsViewer" time="0.160000"></testcase>
		<testcase classname="github.com/confluentinc/cli/test" name="TestCLI/TestIAMRBACRoleBindingListCloud" time="3.250000"></testcase>
		<testcase classname="github.com/confluentinc/cli/test" name="TestCLI/TestIAMRBACRoleBindingListOnPrem/iam_rbac_role-binding_list_--help" time="0.160000"></testcase>
		<testcase classname="github.com/confluentinc/cli/test" name="TestCLI/TestIAMRBACRoleBindingListOnPrem/iam_rbac_role-binding_list_--kafka-cluster_CID" time="0.160000"></testcase>
		<testcase classname="github.com/confluentinc/cli/test" name="TestCLI/TestIAMRBACRoleBindingListOnPrem/iam_rbac_role-binding_list_--kafka-cluster_CID_--principal_frodo" time="0.170000"></testcase>
		<testcase classname="github.com/confluentinc/cli/test" name="TestCLI/TestIAMRBACRoleBindingListOnPrem/iam_rbac_role-binding_list_--kafka-cluster_CID_--principal_User:frodo" time="0.160000"></testcase>
		<testcase classname="github.com/confluentinc/cli/test" name="TestCLI/TestIAMRBACRoleBindingListOnPrem/iam_rbac_role-binding_list_--cluster-name_kafka_--principal_User:frodo" time="0.160000"></testcase>
		<testcase classname="github.com/confluentinc/cli/test" name="TestCLI/TestIAMRBACRoleBindingListOnPrem/iam_rbac_role-binding_list_--cluster-name_kafka_--kafka-cluster_CID_--principal_User:frodo" time="0.160000"></testcase>
		<testcase classname="github.com/confluentinc/cli/test" name="TestCLI/TestIAMRBACRoleBindingListOnPrem/iam_rbac_role-binding_list_--kafka-cluster_CID_--principal_User:frodo_--role_DeveloperRead" time="0.170000"></testcase>
		<testcase classname="github.com/confluentinc/cli/test" name="TestCLI/TestIAMRBACRoleBindingListOnPrem/iam_rbac_role-binding_list_--kafka-cluster_CID_--principal_User:frodo_--role_DeveloperRead_-o_json" time="0.150000"></testcase>
		<testcase classname="github.com/confluentinc/cli/test" name="TestCLI/TestIAMRBACRoleBindingListOnPrem/iam_rbac_role-binding_list_--kafka-cluster_CID_--principal_User:frodo_--role_DeveloperRead_-o_yaml" time="0.170000"></testcase>
		<testcase classname="github.com/confluentinc/cli/test" name="TestCLI/TestIAMRBACRoleBindingListOnPrem/iam_rbac_role-binding_list_--kafka-cluster_CID_--principal_User:frodo_--role_DeveloperWrite" time="0.160000"></testcase>
		<testcase classname="github.com/confluentinc/cli/test" name="TestCLI/TestIAMRBACRoleBindingListOnPrem/iam_rbac_role-binding_list_--kafka-cluster_CID_--principal_User:frodo_--role_SecurityAdmin" time="0.160000"></testcase>
		<testcase classname="github.com/confluentinc/cli/test" name="TestCLI/TestIAMRBACRoleBindingListOnPrem/iam_rbac_role-binding_list_--kafka-cluster_CID_--principal_User:frodo_--role_SystemAdmin" time="0.150000"></testcase>
		<testcase classname="github.com/confluentinc/cli/test" name="TestCLI/TestIAMRBACRoleBindingListOnPrem/iam_rbac_role-binding_list_--kafka-cluster_CID_--principal_User:frodo_--role_SystemAdmin_-o_json" time="0.160000"></testcase>
		<testcase classname="github.com/confluentinc/cli/test" name="TestCLI/TestIAMRBACRoleBindingListOnPrem/iam_rbac_role-binding_list_--kafka-cluster_CID_--principal_User:frodo_--role_SystemAdmin_-o_yaml" time="0.150000"></testcase>
		<testcase classname="github.com/confluentinc/cli/test" name="TestCLI/TestIAMRBACRoleBindingListOnPrem/iam_rbac_role-binding_list_--kafka-cluster_CID_--principal_Group:hobbits_--role_DeveloperRead" time="0.160000"></testcase>
		<testcase classname="github.com/confluentinc/cli/test" name="TestCLI/TestIAMRBACRoleBindingListOnPrem/iam_rbac_role-binding_list_--kafka-cluster_CID_--principal_Group:hobbits_--role_DeveloperWrite" time="0.160000"></testcase>
		<testcase classname="github.com/confluentinc/cli/test" name="TestCLI/TestIAMRBACRoleBindingListOnPrem/iam_rbac_role-binding_list_--kafka-cluster_CID_--principal_Group:hobbits_--role_SecurityAdmin" time="0.160000"></testcase>
		<testcase classname="github.com/confluentinc/cli/test" name="TestCLI/TestIAMRBACRoleBindingListOnPrem/iam_rbac_role-binding_list_--kafka-cluster_CID_--role_DeveloperRead" time="0.160000"></testcase>
		<testcase classname="github.com/confluentinc/cli/test" name="TestCLI/TestIAMRBACRoleBindingListOnPrem/iam_rbac_role-binding_list_--kafka-cluster_CID_--role_DeveloperRead_-o_json" time="0.160000"></testcase>
		<testcase classname="github.com/confluentinc/cli/test" name="TestCLI/TestIAMRBACRoleBindingListOnPrem/iam_rbac_role-binding_list_--kafka-cluster_CID_--role_DeveloperRead_-o_yaml" time="0.160000"></testcase>
		<testcase classname="github.com/confluentinc/cli/test" name="TestCLI/TestIAMRBACRoleBindingListOnPrem/iam_rbac_role-binding_list_--kafka-cluster_CID_--role_DeveloperWrite" time="0.160000"></testcase>
		<testcase classname="github.com/confluentinc/cli/test" name="TestCLI/TestIAMRBACRoleBindingListOnPrem/iam_rbac_role-binding_list_--kafka-cluster_CID_--role_SecurityAdmin" time="0.160000"></testcase>
		<testcase classname="github.com/confluentinc/cli/test" name="TestCLI/TestIAMRBACRoleBindingListOnPrem/iam_rbac_role-binding_list_--kafka-cluster_CID_--role_SystemAdmin" time="0.170000"></testcase>
		<testcase classname="github.com/confluentinc/cli/test" name="TestCLI/TestIAMRBACRoleBindingListOnPrem/iam_rbac_role-binding_list_--kafka-cluster_CID_--role_DeveloperRead_--resource_Topic:food" time="0.170000"></testcase>
		<testcase classname="github.com/confluentinc/cli/test" name="TestCLI/TestIAMRBACRoleBindingListOnPrem/iam_rbac_role-binding_list_--kafka-cluster_CID_--role_DeveloperRead_--resource_Topic:shire-parties" time="0.160000"></testcase>
		<testcase classname="github.com/confluentinc/cli/test" name="TestCLI/TestIAMRBACRoleBindingListOnPrem/iam_rbac_role-binding_list_--kafka-cluster_CID_--role_DeveloperWrite_--resource_Topic:shire-parties" time="0.160000"></testcase>
		<testcase classname="github.com/confluentinc/cli/test" name="TestCLI/TestIAMRBACRoleBindingListOnPrem/iam_rbac_role-binding_list_--principal_User:u-41dxz3_--cluster_pantsCluster" time="0.150000"></testcase>
		<testcase classname="github.com/confluentinc/cli/test" name="TestCLI/TestIAMRBACRoleBindingListOnPrem" time="4.320000"></testcase>
		<testcase classname="github.com/confluentinc/cli/test" name="TestCLI/TestIAMRBACRoleCloud/iam_rbac_role_describe_CloudClusterAdmin_-o_json" time="0.170000"></testcase>
		<testcase classname="github.com/confluentinc/cli/test" name="TestCLI/TestIAMRBACRoleCloud/iam_rbac_role_describe_CloudClusterAdmin_-o_yaml" time="0.160000"></testcase>
		<testcase classname="github.com/confluentinc/cli/test" name="TestCLI/TestIAMRBACRoleCloud/iam_rbac_role_describe_CloudClusterAdmin" time="0.160000"></testcase>
		<testcase classname="github.com/confluentinc/cli/test" name="TestCLI/TestIAMRBACRoleCloud/iam_rbac_role_describe_InvalidRole" time="0.160000"></testcase>
		<testcase classname="github.com/confluentinc/cli/test" name="TestCLI/TestIAMRBACRoleCloud/iam_rbac_role_list_-o_json" time="0.170000"></testcase>
		<testcase classname="github.com/confluentinc/cli/test" name="TestCLI/TestIAMRBACRoleCloud/iam_rbac_role_list_-o_yaml" time="0.160000"></testcase>
		<testcase classname="github.com/confluentinc/cli/test" name="TestCLI/TestIAMRBACRoleCloud/iam_rbac_role_list" time="0.170000"></testcase>
		<testcase classname="github.com/confluentinc/cli/test" name="TestCLI/TestIAMRBACRoleCloud" time="1.150000"></testcase>
		<testcase classname="github.com/confluentinc/cli/test" name="TestCLI/TestIAMRBACRoleOnPrem/iam_rbac_role_describe_--help" time="0.160000"></testcase>
		<testcase classname="github.com/confluentinc/cli/test" name="TestCLI/TestIAMRBACRoleOnPrem/iam_rbac_role_describe_DeveloperRead_-o_json" time="0.160000"></testcase>
		<testcase classname="github.com/confluentinc/cli/test" name="TestCLI/TestIAMRBACRoleOnPrem/iam_rbac_role_describe_DeveloperRead_-o_yaml" time="0.160000"></testcase>
		<testcase classname="github.com/confluentinc/cli/test" name="TestCLI/TestIAMRBACRoleOnPrem/iam_rbac_role_describe_DeveloperRead" time="0.160000"></testcase>
		<testcase classname="github.com/confluentinc/cli/test" name="TestCLI/TestIAMRBACRoleOnPrem/iam_rbac_role_list_--help" time="0.160000"></testcase>
		<testcase classname="github.com/confluentinc/cli/test" name="TestCLI/TestIAMRBACRoleOnPrem/iam_rbac_role_list_-o_json" time="0.160000"></testcase>
		<testcase classname="github.com/confluentinc/cli/test" name="TestCLI/TestIAMRBACRoleOnPrem/iam_rbac_role_list_-o_yaml" time="0.160000"></testcase>
		<testcase classname="github.com/confluentinc/cli/test" name="TestCLI/TestIAMRBACRoleOnPrem/iam_rbac_role_list" time="0.160000"></testcase>
		<testcase classname="github.com/confluentinc/cli/test" name="TestCLI/TestIAMRBACRoleOnPrem" time="1.280000"></testcase>
		<testcase classname="github.com/confluentinc/cli/test" name="TestCLI/TestIAMServiceAccount/iam_service-account_create_human-service_--description_human-output" time="0.170000"></testcase>
		<testcase classname="github.com/confluentinc/cli/test" name="TestCLI/TestIAMServiceAccount/iam_service-account_create_json-service_--description_json-output_-o_json" time="0.170000"></testcase>
		<testcase classname="github.com/confluentinc/cli/test" name="TestCLI/TestIAMServiceAccount/iam_service-account_create_yaml-service_--description_yaml-output_-o_yaml" time="0.180000"></testcase>
		<testcase classname="github.com/confluentinc/cli/test" name="TestCLI/TestIAMServiceAccount/iam_service-account_delete_sa-12345_--force" time="0.160000"></testcase>
		<testcase classname="github.com/confluentinc/cli/test" name="TestCLI/TestIAMServiceAccount/iam_service-account_delete_sa-12345" time="0.160000"></testcase>
		<testcase classname="github.com/confluentinc/cli/test" name="TestCLI/TestIAMServiceAccount/iam_service-account_list_-o_json" time="0.160000"></testcase>
		<testcase classname="github.com/confluentinc/cli/test" name="TestCLI/TestIAMServiceAccount/iam_service-account_list_-o_yaml" time="0.160000"></testcase>
		<testcase classname="github.com/confluentinc/cli/test" name="TestCLI/TestIAMServiceAccount/iam_service-account_list" time="0.160000"></testcase>
		<testcase classname="github.com/confluentinc/cli/test" name="TestCLI/TestIAMServiceAccount/iam_service-account_describe_sa-12345_-o_json" time="0.160000"></testcase>
		<testcase classname="github.com/confluentinc/cli/test" name="TestCLI/TestIAMServiceAccount/iam_service-account_describe_sa-12345_-o_yaml" time="0.160000"></testcase>
		<testcase classname="github.com/confluentinc/cli/test" name="TestCLI/TestIAMServiceAccount/iam_service-account_describe_sa-12345" time="0.160000"></testcase>
		<testcase classname="github.com/confluentinc/cli/test" name="TestCLI/TestIAMServiceAccount/iam_service-account_describe_sa-6789" time="0.160000"></testcase>
		<testcase classname="github.com/confluentinc/cli/test" name="TestCLI/TestIAMServiceAccount/iam_service-account_update_sa-12345_--description_new-description" time="0.160000"></testcase>
		<testcase classname="github.com/confluentinc/cli/test" name="TestCLI/TestIAMServiceAccount/iam_service-account_update_sa-12345_--description_new-description-2" time="0.170000"></testcase>
		<testcase classname="github.com/confluentinc/cli/test" name="TestCLI/TestIAMServiceAccount/iam_service-account_delete_sa-12345_--force#01" time="0.160000"></testcase>
		<testcase classname="github.com/confluentinc/cli/test" name="TestCLI/TestIAMServiceAccount" time="2.450000"></testcase>
		<testcase classname="github.com/confluentinc/cli/test" name="TestCLI/TestIAMUserDelete/iam_user_delete_u-2_--force" time="0.160000"></testcase>
		<testcase classname="github.com/confluentinc/cli/test" name="TestCLI/TestIAMUserDelete/iam_user_delete_u-2" time="0.160000"></testcase>
		<testcase classname="github.com/confluentinc/cli/test" name="TestCLI/TestIAMUserDelete/iam_user_delete_0_--force" time="0.160000"></testcase>
		<testcase classname="github.com/confluentinc/cli/test" name="TestCLI/TestIAMUserDelete/iam_user_delete_u-1_--force" time="0.160000"></testcase>
		<testcase classname="github.com/confluentinc/cli/test" name="TestCLI/TestIAMUserDelete" time="0.650000"></testcase>
		<testcase classname="github.com/confluentinc/cli/test" name="TestCLI/TestIAMUserDescribe/iam_user_describe_u-0" time="0.170000"></testcase>
		<testcase classname="github.com/confluentinc/cli/test" name="TestCLI/TestIAMUserDescribe/iam_user_describe_u-17" time="0.180000"></testcase>
		<testcase classname="github.com/confluentinc/cli/test" name="TestCLI/TestIAMUserDescribe/iam_user_describe_0" time="0.160000"></testcase>
		<testcase classname="github.com/confluentinc/cli/test" name="TestCLI/TestIAMUserDescribe" time="0.510000"></testcase>
		<testcase classname="github.com/confluentinc/cli/test" name="TestCLI/TestIAMUserInvitationCreate/iam_user_invitation_create_miles@confluent.io" time="0.170000"></testcase>
		<testcase classname="github.com/confluentinc/cli/test" name="TestCLI/TestIAMUserInvitationCreate/iam_user_invitation_create_bad-email.com" time="0.160000"></testcase>
		<testcase classname="github.com/confluentinc/cli/test" name="TestCLI/TestIAMUserInvitationCreate/iam_user_invitation_create_user@exists.com" time="0.160000"></testcase>
		<testcase classname="github.com/confluentinc/cli/test" name="TestCLI/TestIAMUserInvitationCreate" time="0.490000"></testcase>
		<testcase classname="github.com/confluentinc/cli/test" name="TestCLI/TestIAMUserList/iam_user_list" time="0.160000"></testcase>
		<testcase classname="github.com/confluentinc/cli/test" name="TestCLI/TestIAMUserList" time="0.160000"></testcase>
		<testcase classname="github.com/confluentinc/cli/test" name="TestCLI/TestIAMUserListInvitation/iam_user_invitation_list" time="0.160000"></testcase>
		<testcase classname="github.com/confluentinc/cli/test" name="TestCLI/TestIAMUserListInvitation" time="0.160000"></testcase>
		<testcase classname="github.com/confluentinc/cli/test" name="TestCLI/TestIAMUserUpdate/iam_user_update_u-11aaa_--full-name_Test" time="0.160000"></testcase>
		<testcase classname="github.com/confluentinc/cli/test" name="TestCLI/TestIAMUserUpdate/iam_user_update_0_--full-name_Test" time="0.160000"></testcase>
		<testcase classname="github.com/confluentinc/cli/test" name="TestCLI/TestIAMUserUpdate/iam_user_update_u-1_--full-name_Test" time="0.170000"></testcase>
		<testcase classname="github.com/confluentinc/cli/test" name="TestCLI/TestIAMUserUpdate" time="0.490000"></testcase>
		<testcase classname="github.com/confluentinc/cli/test" name="TestCLI/TestKSQL/ksql_--help" time="0.160000"></testcase>
		<testcase classname="github.com/confluentinc/cli/test" name="TestCLI/TestKSQL/ksql_cluster_--help" time="0.160000"></testcase>
		<testcase classname="github.com/confluentinc/cli/test" name="TestCLI/TestKSQL/ksql_cluster_create_--help" time="0.160000"></testcase>
		<testcase classname="github.com/confluentinc/cli/test" name="TestCLI/TestKSQL/ksql_cluster_create_test_ksql_--cluster_lkc-12345" time="0.160000"></testcase>
		<testcase classname="github.com/confluentinc/cli/test" name="TestCLI/TestKSQL/ksql_cluster_create_test_ksql_--cluster_lkc-12345_--credential-identity_sa-credential-identity" time="0.160000"></testcase>
		<testcase classname="github.com/confluentinc/cli/test" name="TestCLI/TestKSQL/ksql_cluster_create_test_ksql_json_--cluster_lkc-12345_--credential-identity_sa-credential-identity_-o_json" time="0.160000"></testcase>
		<testcase classname="github.com/confluentinc/cli/test" name="TestCLI/TestKSQL/ksql_cluster_create_test_ksql_yaml_--cluster_lkc-12345_--credential-identity_sa-credential-identity_-o_yaml" time="0.160000"></testcase>
		<testcase classname="github.com/confluentinc/cli/test" name="TestCLI/TestKSQL/ksql_cluster_create_test_ksql_--cluster_lkc-processLogFalse_--credential-identity_sa-credential-identity_--log-exclude-rows" time="0.160000"></testcase>
		<testcase classname="github.com/confluentinc/cli/test" name="TestCLI/TestKSQL/ksql_cluster_create_test_ksql_json_--cluster_lkc-processLogFalse_--credential-identity_sa-credential-identity_--log-exclude-rows_-o_json" time="0.170000"></testcase>
		<testcase classname="github.com/confluentinc/cli/test" name="TestCLI/TestKSQL/ksql_cluster_create_test_ksql_yaml_--cluster_lkc-processLogFalse_--credential-identity_sa-credential-identity_--log-exclude-rows_-o_yaml" time="0.170000"></testcase>
		<testcase classname="github.com/confluentinc/cli/test" name="TestCLI/TestKSQL/ksql_cluster_delete_--help" time="0.160000"></testcase>
		<testcase classname="github.com/confluentinc/cli/test" name="TestCLI/TestKSQL/ksql_cluster_delete_lksqlc-12345_--force" time="0.160000"></testcase>
		<testcase classname="github.com/confluentinc/cli/test" name="TestCLI/TestKSQL/ksql_cluster_delete_lksqlc-12345" time="0.160000"></testcase>
		<testcase classname="github.com/confluentinc/cli/test" name="TestCLI/TestKSQL/ksql_cluster_describe_--help" time="0.160000"></testcase>
		<testcase classname="github.com/confluentinc/cli/test" name="TestCLI/TestKSQL/ksql_cluster_describe_lksqlc-12345_-o_json" time="0.160000"></testcase>
		<testcase classname="github.com/confluentinc/cli/test" name="TestCLI/TestKSQL/ksql_cluster_describe_lksqlc-12345_-o_yaml" time="0.160000"></testcase>
		<testcase classname="github.com/confluentinc/cli/test" name="TestCLI/TestKSQL/ksql_cluster_describe_lksqlc-12345" time="0.170000"></testcase>
		<testcase classname="github.com/confluentinc/cli/test" name="TestCLI/TestKSQL/ksql_cluster_list_--help" time="0.160000"></testcase>
		<testcase classname="github.com/confluentinc/cli/test" name="TestCLI/TestKSQL/ksql_cluster_list_-o_json" time="0.180000"></testcase>
		<testcase classname="github.com/confluentinc/cli/test" name="TestCLI/TestKSQL/ksql_cluster_list_-o_yaml" time="0.160000"></testcase>
		<testcase classname="github.com/confluentinc/cli/test" name="TestCLI/TestKSQL/ksql_cluster_list" time="0.160000"></testcase>
		<testcase classname="github.com/confluentinc/cli/test" name="TestCLI/TestKSQL" time="3.450000"></testcase>
		<testcase classname="github.com/confluentinc/cli/test" name="TestCLI/TestKafka/kafka_cluster_--help" time="0.170000"></testcase>
		<testcase classname="github.com/confluentinc/cli/test" name="TestCLI/TestKafka/environment_use_a-595" time="0.170000"></testcase>
		<testcase classname="github.com/confluentinc/cli/test" name="TestCLI/TestKafka/kafka_cluster_list" time="0.160000"></testcase>
		<testcase classname="github.com/confluentinc/cli/test" name="TestCLI/TestKafka/kafka_cluster_list_-o_json" time="0.160000"></testcase>
		<testcase classname="github.com/confluentinc/cli/test" name="TestCLI/TestKafka/kafka_cluster_list_-o_yaml" time="0.170000"></testcase>
		<testcase classname="github.com/confluentinc/cli/test" name="TestCLI/TestKafka/environment_use_env-123" time="0.160000"></testcase>
		<testcase classname="github.com/confluentinc/cli/test" name="TestCLI/TestKafka/kafka_cluster_create_my-new-cluster_--cloud_aws_--region_us-east-1_--availability_single-zone" time="0.170000"></testcase>
		<testcase classname="github.com/confluentinc/cli/test" name="TestCLI/TestKafka/kafka_cluster_list#01" time="0.160000"></testcase>
		<testcase classname="github.com/confluentinc/cli/test" name="TestCLI/TestKafka/kafka_cluster_list_--all" time="0.170000"></testcase>
		<testcase classname="github.com/confluentinc/cli/test" name="TestCLI/TestKafka/environment_use_a-595#01" time="0.170000"></testcase>
		<testcase classname="github.com/confluentinc/cli/test" name="TestCLI/TestKafka/kafka_cluster_create" time="0.170000"></testcase>
[...]
		<testcase classname="github.com/confluentinc/cli/test" name="TestCLI/TestSDPipeline/pipeline_create_--name_testPipeline_--ksql-cluster_lksqlc-12345_--description_testDescription" time="0.250000"></testcase>
		<testcase classname="github.com/confluentinc/cli/test" name="TestCLI/TestSDPipeline/pipeline_create_--name_testPipeline_--ksql-cluster_lksqlc-12345_--description_testDescription_--sql-file_/Users/bstrauch/git/go/src/github.com/confluentinc/cli/test/fixtures/input/pipeline/test-pipeline.sql" time="0.250000"></testcase>
		<testcase classname="github.com/confluentinc/cli/test" name="TestCLI/TestSDPipeline/pipeline_create_--name_testPipeline_--ksql-cluster_lksqlc-12345_--description_testDescription_--secret_name1=value1_--secret_name2=value-with,and=_--secret_name3=value-with&#34;and&#39;_--secret_a_really_really_really_really_really_really_really_really_really_really_really_really_long_secret_name_but_not_exceeding_128_yet=value" time="0.250000"></testcase>
		<testcase classname="github.com/confluentinc/cli/test" name="TestCLI/TestSDPipeline/pipeline_delete_--help" time="0.240000"></testcase>
		<testcase classname="github.com/confluentinc/cli/test" name="TestCLI/TestSDPipeline/pipeline_delete_pipe-12345_--force" time="0.250000"></testcase>
		<testcase classname="github.com/confluentinc/cli/test" name="TestCLI/TestSDPipeline/pipeline_delete_pipe-12345" time="0.230000"></testcase>
		<testcase classname="github.com/confluentinc/cli/test" name="TestCLI/TestSDPipeline/pipeline_activate_--help" time="0.230000"></testcase>
		<testcase classname="github.com/confluentinc/cli/test" name="TestCLI/TestSDPipeline/pipeline_activate_pipeline-12345" time="0.240000"></testcase>
		<testcase classname="github.com/confluentinc/cli/test" name="TestCLI/TestSDPipeline/pipeline_deactivate_--help" time="0.240000"></testcase>
		<testcase classname="github.com/confluentinc/cli/test" name="TestCLI/TestSDPipeline/pipeline_deactivate_pipeline-12345" time="0.230000"></testcase>
		<testcase classname="github.com/confluentinc/cli/test" name="TestCLI/TestSDPipeline/pipeline_deactivate_pipeline-12345_--retained-topics_topic1" time="0.240000"></testcase>
		<testcase classname="github.com/confluentinc/cli/test" name="TestCLI/TestSDPipeline/pipeline_update_--help" time="0.230000"></testcase>
		<testcase classname="github.com/confluentinc/cli/test" name="TestCLI/TestSDPipeline/pipeline_update_pipeline-12345_--name_newName_--description_newDescription" time="0.240000"></testcase>
		<testcase classname="github.com/confluentinc/cli/test" name="TestCLI/TestSDPipeline/pipeline_update_pipeline-12345_--name_newName_--description_newDescription_-o_json" time="0.240000"></testcase>
		<testcase classname="github.com/confluentinc/cli/test" name="TestCLI/TestSDPipeline/pipeline_update_pipeline-12345_--activation-privilege" time="0.240000"></testcase>
		<testcase classname="github.com/confluentinc/cli/test" name="TestCLI/TestSDPipeline/pipeline_update_pipeline-12345_--activation-privilege=true" time="0.250000"></testcase>
		<testcase classname="github.com/confluentinc/cli/test" name="TestCLI/TestSDPipeline/pipeline_update_pipeline-12345_--activation-privilege=false" time="0.240000"></testcase>
		<testcase classname="github.com/confluentinc/cli/test" name="TestCLI/TestSDPipeline/pipeline_update_pipeline-12345_--sql-file_/Users/bstrauch/git/go/src/github.com/confluentinc/cli/test/fixtures/input/pipeline/test-pipeline.sql" time="0.250000"></testcase>
		<testcase classname="github.com/confluentinc/cli/test" name="TestCLI/TestSDPipeline/pipeline_update_pipeline-12345_--secret_name1=value-with,and=_--secret_name2=value-with&#34;and&#39;_--secret_name3=" time="0.240000"></testcase>
		<testcase classname="github.com/confluentinc/cli/test" name="TestCLI/TestSDPipeline" time="6.530000"></testcase>
		<testcase classname="github.com/confluentinc/cli/test" name="TestCLI/TestSaveUsernamePassword" time="1.120000"></testcase>
		<testcase classname="github.com/confluentinc/cli/test" name="TestCLI/TestSchemaRegistry/schema-registry_--help" time="0.160000"></testcase>
		<testcase classname="github.com/confluentinc/cli/test" name="TestCLI/TestSchemaRegistry/schema-registry_cluster_--help" time="0.160000"></testcase>
		<testcase classname="github.com/confluentinc/cli/test" name="TestCLI/TestSchemaRegistry/schema-registry_cluster_enable_--cloud_gcp_--geo_us_--package_advanced_-o_json" time="0.160000"></testcase>
		<testcase classname="github.com/confluentinc/cli/test" name="TestCLI/TestSchemaRegistry/schema-registry_cluster_enable_--cloud_gcp_--geo_us_--package_essentials_-o_yaml" time="0.170000"></testcase>
		<testcase classname="github.com/confluentinc/cli/test" name="TestCLI/TestSchemaRegistry/schema-registry_cluster_enable_--cloud_gcp_--geo_us_--package_advanced" time="0.160000"></testcase>
		<testcase classname="github.com/confluentinc/cli/test" name="TestCLI/TestSchemaRegistry/schema-registry_cluster_enable_--cloud_gcp_--geo_somethingwrong_--package_advanced" time="0.160000"></testcase>
		<testcase classname="github.com/confluentinc/cli/test" name="TestCLI/TestSchemaRegistry/schema-registry_cluster_enable_--cloud_aws_--geo_us_--package_invalid-package" time="0.190000"></testcase>
		<testcase classname="github.com/confluentinc/cli/test" name="TestCLI/TestSchemaRegistry/schema-registry_cluster_enable_--geo_us_--package_essentials" time="0.160000"></testcase>
		<testcase classname="github.com/confluentinc/cli/test" name="TestCLI/TestSchemaRegistry/schema-registry_cluster_delete_--environment_env-srUpdate" time="0.160000"></testcase>
		<testcase classname="github.com/confluentinc/cli/test" name="TestCLI/TestSchemaRegistry/schema-registry_cluster_delete_--environment_env-srUpdate#01" time="0.160000"></testcase>
		<testcase classname="github.com/confluentinc/cli/test" name="TestCLI/TestSchemaRegistry/schema-registry_cluster_delete_--environment_env-srUpdate#02" time="0.170000"></testcase>
		<testcase classname="github.com/confluentinc/cli/test" name="TestCLI/TestSchemaRegistry/schema-registry_cluster_upgrade" time="0.170000"></testcase>
		<testcase classname="github.com/confluentinc/cli/test" name="TestCLI/TestSchemaRegistry/schema-registry_cluster_upgrade_--package_invalid-package" time="0.160000"></testcase>
		<testcase classname="github.com/confluentinc/cli/test" name="TestCLI/TestSchemaRegistry/schema-registry_cluster_upgrade_--package_essentials_--environment_env-srUpdate" time="0.160000"></testcase>
		<testcase classname="github.com/confluentinc/cli/test" name="TestCLI/TestSchemaRegistry/schema-registry_cluster_upgrade_--package_advanced_--environment_env-srUpdate" time="0.160000"></testcase>
		<testcase classname="github.com/confluentinc/cli/test" name="TestCLI/TestSchemaRegistry/schema-registry_schema_--help" time="0.160000"></testcase>
		<testcase classname="github.com/confluentinc/cli/test" name="TestCLI/TestSchemaRegistry/schema-registry_subject_--help" time="0.160000"></testcase>
		<testcase classname="github.com/confluentinc/cli/test" name="TestCLI/TestSchemaRegistry/schema-registry_exporter_--help" time="0.160000"></testcase>
		<testcase classname="github.com/confluentinc/cli/test" name="TestCLI/TestSchemaRegistry/schema-registry_exporter_create_--help" time="0.160000"></testcase>
		<testcase classname="github.com/confluentinc/cli/test" name="TestCLI/TestSchemaRegistry/schema-registry_exporter_delete_--help" time="0.160000"></testcase>
		<testcase classname="github.com/confluentinc/cli/test" name="TestCLI/TestSchemaRegistry/schema-registry_exporter_describe_--help" time="0.160000"></testcase>
		<testcase classname="github.com/confluentinc/cli/test" name="TestCLI/TestSchemaRegistry/schema-registry_exporter_get-config_--help" time="0.160000"></testcase>
		<testcase classname="github.com/confluentinc/cli/test" name="TestCLI/TestSchemaRegistry/schema-registry_exporter_get-status_--help" time="0.160000"></testcase>
		<testcase classname="github.com/confluentinc/cli/test" name="TestCLI/TestSchemaRegistry/schema-registry_exporter_list_--help" time="0.160000"></testcase>
		<testcase classname="github.com/confluentinc/cli/test" name="TestCLI/TestSchemaRegistry/schema-registry_exporter_pause_--help" time="0.160000"></testcase>
		<testcase classname="github.com/confluentinc/cli/test" name="TestCLI/TestSchemaRegistry/schema-registry_exporter_reset_--help" time="0.160000"></testcase>
		<testcase classname="github.com/confluentinc/cli/test" name="TestCLI/TestSchemaRegistry/schema-registry_exporter_resume_--help" time="0.160000"></testcase>
		<testcase classname="github.com/confluentinc/cli/test" name="TestCLI/TestSchemaRegistry/schema-registry_exporter_update_--help" time="0.150000"></testcase>
		<testcase classname="github.com/confluentinc/cli/test" name="TestCLI/TestSchemaRegistry/schema-registry_cluster_update_--help" time="0.160000"></testcase>
		<testcase classname="github.com/confluentinc/cli/test" name="TestCLI/TestSchemaRegistry/schema-registry_subject_update_--help" time="0.160000"></testcase>
		<testcase classname="github.com/confluentinc/cli/test" name="TestCLI/TestSchemaRegistry/schema-registry_cluster_describe" time="0.170000"></testcase>
		<testcase classname="github.com/confluentinc/cli/test" name="TestCLI/TestSchemaRegistry/schema-registry_cluster_update_--environment_env-srUpdate" time="0.160000"></testcase>
		<testcase classname="github.com/confluentinc/cli/test" name="TestCLI/TestSchemaRegistry/schema-registry_cluster_update_--compatibility_BACKWARD_--environment_env-srUpdate" time="0.160000"></testcase>
		<testcase classname="github.com/confluentinc/cli/test" name="TestCLI/TestSchemaRegistry/schema-registry_cluster_update_--mode_READWRITE_--api-key_key_--api-secret_secret_--environment_env-srUpdate" time="0.160000"></testcase>
		<testcase classname="github.com/confluentinc/cli/test" name="TestCLI/TestSchemaRegistry/schema-registry_schema_create" time="0.160000"></testcase>
		<testcase classname="github.com/confluentinc/cli/test" name="TestCLI/TestSchemaRegistry/schema-registry_compatibility_validate" time="0.160000"></testcase>
		<testcase classname="github.com/confluentinc/cli/test" name="TestCLI/TestSchemaRegistry/schema-registry_compatibility_validate_json" time="0.160000"></testcase>
		<testcase classname="github.com/confluentinc/cli/test" name="TestCLI/TestSchemaRegistry/schema-registry_compatibility_validate_yaml" time="0.160000"></testcase>
		<testcase classname="github.com/confluentinc/cli/test" name="TestCLI/TestSchemaRegistry/schema-registry_config_describe_global" time="0.160000"></testcase>
		<testcase classname="github.com/confluentinc/cli/test" name="TestCLI/TestSchemaRegistry/schema-registry_config_describe_global_json" time="0.160000"></testcase>
		<testcase classname="github.com/confluentinc/cli/test" name="TestCLI/TestSchemaRegistry/schema-registry_config_describe_global_yaml" time="0.160000"></testcase>
		<testcase classname="github.com/confluentinc/cli/test" name="TestCLI/TestSchemaRegistry/schema-registry_config_describe_--subject_payments" time="0.160000"></testcase>
		<testcase classname="github.com/confluentinc/cli/test" name="TestCLI/TestSchemaRegistry/schema-registry_schema_delete_latest" time="0.160000"></testcase>
		<testcase classname="github.com/confluentinc/cli/test" name="TestCLI/TestSchemaRegistry/schema-registry_schema_delete_all" time="0.170000"></testcase>
		<testcase classname="github.com/confluentinc/cli/test" name="TestCLI/TestSchemaRegistry/schema-registry_schema_describe_--subject_payments" time="0.160000"></testcase>
		<testcase classname="github.com/confluentinc/cli/test" name="TestCLI/TestSchemaRegistry/schema-registry_schema_describe_--show-references_--subject_payments" time="0.160000"></testcase>
		<testcase classname="github.com/confluentinc/cli/test" name="TestCLI/TestSchemaRegistry/schema-registry_schema_describe_--version_1" time="0.160000"></testcase>
		<testcase classname="github.com/confluentinc/cli/test" name="TestCLI/TestSchemaRegistry/schema-registry_schema_describe_--show-references_--version_1" time="0.160000"></testcase>
		<testcase classname="github.com/confluentinc/cli/test" name="TestCLI/TestSchemaRegistry/schema-registry_schema_describe" time="0.250000"></testcase>
		<testcase classname="github.com/confluentinc/cli/test" name="TestCLI/TestSchemaRegistry/schema-registry_schema_describe_--show-references" time="0.160000"></testcase>
		<testcase classname="github.com/confluentinc/cli/test" name="TestCLI/TestSchemaRegistry/schema-registry_schema_describe_--subject_payments_--version_1_123" time="0.170000"></testcase>
		<testcase classname="github.com/confluentinc/cli/test" name="TestCLI/TestSchemaRegistry/schema-registry_schema_describe_--show-references_--subject_payments_--version_1_123" time="0.170000"></testcase>
		<testcase classname="github.com/confluentinc/cli/test" name="TestCLI/TestSchemaRegistry/schema-registry_schema_describe_--subject_payments_--version_2" time="0.160000"></testcase>
		<testcase classname="github.com/confluentinc/cli/test" name="TestCLI/TestSchemaRegistry/schema-registry_schema_describe_by_id" time="0.160000"></testcase>
		<testcase classname="github.com/confluentinc/cli/test" name="TestCLI/TestSchemaRegistry/schema-registry_schema_describe_1001_--show-references" time="0.170000"></testcase>
		<testcase classname="github.com/confluentinc/cli/test" name="TestCLI/TestSchemaRegistry/schema-registry_schema_describe_--subject_lvl0_--version_1_--show-references" time="0.160000"></testcase>
		<testcase classname="github.com/confluentinc/cli/test" name="TestCLI/TestSchemaRegistry/schema-registry_schema_list_--subject-prefix_mysubject-1" time="0.160000"></testcase>
		<testcase classname="github.com/confluentinc/cli/test" name="TestCLI/TestSchemaRegistry/schema-registry_schema_list" time="0.160000"></testcase>
		<testcase classname="github.com/confluentinc/cli/test" name="TestCLI/TestSchemaRegistry/schema-registry_subject_list" time="0.160000"></testcase>
		<testcase classname="github.com/confluentinc/cli/test" name="TestCLI/TestSchemaRegistry/schema-registry_subject_describe_testSubject" time="0.160000"></testcase>
		<testcase classname="github.com/confluentinc/cli/test" name="TestCLI/TestSchemaRegistry/schema-registry_subject_update_compatibility" time="0.160000"></testcase>
		<testcase classname="github.com/confluentinc/cli/test" name="TestCLI/TestSchemaRegistry/schema-registry_subject_update_mode" time="0.160000"></testcase>
		<testcase classname="github.com/confluentinc/cli/test" name="TestCLI/TestSchemaRegistry/schema-registry_exporter_list" time="0.160000"></testcase>
		<testcase classname="github.com/confluentinc/cli/test" name="TestCLI/TestSchemaRegistry/schema-registry_exporter_create" time="0.160000"></testcase>
		<testcase classname="github.com/confluentinc/cli/test" name="TestCLI/TestSchemaRegistry/schema-registry_exporter_describe" time="0.160000"></testcase>
		<testcase classname="github.com/confluentinc/cli/test" name="TestCLI/TestSchemaRegistry/schema-registry_exporter_update" time="0.160000"></testcase>
		<testcase classname="github.com/confluentinc/cli/test" name="TestCLI/TestSchemaRegistry/schema-registry_exporter_delete" time="0.160000"></testcase>
		<testcase classname="github.com/confluentinc/cli/test" name="TestCLI/TestSchemaRegistry/schema-registry_exporter_delete_prompt" time="0.160000"></testcase>
		<testcase classname="github.com/confluentinc/cli/test" name="TestCLI/TestSchemaRegistry/schema-registry_exporter_get-status" time="0.160000"></testcase>
		<testcase classname="github.com/confluentinc/cli/test" name="TestCLI/TestSchemaRegistry/schema-registry_exporter_get-config_json" time="0.160000"></testcase>
		<testcase classname="github.com/confluentinc/cli/test" name="TestCLI/TestSchemaRegistry/schema-registry_exporter_get-config_yaml" time="0.170000"></testcase>
		<testcase classname="github.com/confluentinc/cli/test" name="TestCLI/TestSchemaRegistry/schema-registry_exporter_pause" time="0.170000"></testcase>
		<testcase classname="github.com/confluentinc/cli/test" name="TestCLI/TestSchemaRegistry/schema-registry_exporter_resume" time="0.160000"></testcase>
		<testcase classname="github.com/confluentinc/cli/test" name="TestCLI/TestSchemaRegistry/schema-registry_exporter_reset" time="0.160000"></testcase>
		<testcase classname="github.com/confluentinc/cli/test" name="TestCLI/TestSchemaRegistry" time="12.010000"></testcase>
		<testcase classname="github.com/confluentinc/cli/test" name="TestCLI/TestStreamShare/stream-share_provider_share_list_--shared-resource_sr-12345" time="0.160000"></testcase>
		<testcase classname="github.com/confluentinc/cli/test" name="TestCLI/TestStreamShare/stream-share_provider_share_describe_ss-12345" time="0.160000"></testcase>
		<testcase classname="github.com/confluentinc/cli/test" name="TestCLI/TestStreamShare/stream-share_provider_share_delete_ss-12345_--force" time="0.160000"></testcase>
		<testcase classname="github.com/confluentinc/cli/test" name="TestCLI/TestStreamShare/stream-share_provider_share_delete_ss-12345" time="0.160000"></testcase>
		<testcase classname="github.com/confluentinc/cli/test" name="TestCLI/TestStreamShare/stream-share_provider_invite_create_--email_user@example.com_--topic_topic-12345_--environment_env-12345_--cluster_lkc-12345_--schema-registry-subjects_sub1,sub2,sub3" time="0.160000"></testcase>
		<testcase classname="github.com/confluentinc/cli/test" name="TestCLI/TestStreamShare/stream-share_provider_invite_resend_ss-12345" time="0.160000"></testcase>
		<testcase classname="github.com/confluentinc/cli/test" name="TestCLI/TestStreamShare/stream-share_provider_opt-in" time="0.160000"></testcase>
		<testcase classname="github.com/confluentinc/cli/test" name="TestCLI/TestStreamShare/stream-share_provider_opt-out" time="0.160000"></testcase>
		<testcase classname="github.com/confluentinc/cli/test" name="TestCLI/TestStreamShare/stream-share_provider_opt-out#01" time="0.160000"></testcase>
		<testcase classname="github.com/confluentinc/cli/test" name="TestCLI/TestStreamShare/stream-share_consumer_share_list_--shared-resource_sr-12345" time="0.160000"></testcase>
		<testcase classname="github.com/confluentinc/cli/test" name="TestCLI/TestStreamShare/stream-share_consumer_share_delete_ss-12345_--force" time="0.160000"></testcase>
		<testcase classname="github.com/confluentinc/cli/test" name="TestCLI/TestStreamShare/stream-share_consumer_share_delete_ss-12345" time="0.170000"></testcase>
		<testcase classname="github.com/confluentinc/cli/test" name="TestCLI/TestStreamShare/stream-share_consumer_share_describe_ss-12345" time="0.160000"></testcase>
		<testcase classname="github.com/confluentinc/cli/test" name="TestCLI/TestStreamShare/stream-share_consumer_redeem_stream-share-token" time="0.160000"></testcase>
		<testcase classname="github.com/confluentinc/cli/test" name="TestCLI/TestStreamShare/stream-share_consumer_redeem_stream-share-token_--aws-account-id_111111111111" time="0.160000"></testcase>
		<testcase classname="github.com/confluentinc/cli/test" name="TestCLI/TestStreamShare" time="2.420000"></testcase>
		<testcase classname="github.com/confluentinc/cli/test" name="TestCLI/TestUpdateNetrcPassword" time="0.990000"></testcase>
		<testcase classname="github.com/confluentinc/cli/test" name="TestCLI/TestVersion/version" time="0.080000"></testcase>
		<testcase classname="github.com/confluentinc/cli/test" name="TestCLI/TestVersion/--version" time="0.080000"></testcase>
		<testcase classname="github.com/confluentinc/cli/test" name="TestCLI/TestVersion" time="0.170000"></testcase>
		<testcase classname="github.com/confluentinc/cli/test" name="TestCLI" time="185.090000"></testcase>
	</testsuite>
	<testsuite tests="0" failures="0" time="0.000000" name="github.com/confluentinc/cli/test/test-server" timestamp="2023-01-18T10:06:08-08:00">
		<properties>
			<property name="go.version" value="go1.19.5 darwin/amd64"></property>
		</properties>
	</testsuite>
</testsuites>